2021-12-19 13:01:10,093 DEBUG scheduler Queued events for site portal.ksrnr.gov.sa
2021-12-19 13:02:11,075 DEBUG scheduler Queued events for site portal.ksrnr.gov.sa
2021-12-19 13:03:12,110 DEBUG scheduler Queued events for site portal.ksrnr.gov.sa
2021-12-19 13:04:13,242 DEBUG scheduler Queued events for site portal.ksrnr.gov.sa
2021-12-19 13:04:17,003 INFO scheduler Scheduled Job Start: erpnext.crm.doctype.social_media_post.social_media_post.process_scheduled_social_media_posts for portal.ksrnr.gov.sa
2021-12-19 13:04:17,396 INFO scheduler Scheduled Job Complete: erpnext.crm.doctype.social_media_post.social_media_post.process_scheduled_social_media_posts for portal.ksrnr.gov.sa
2021-12-19 13:04:17,482 INFO scheduler Scheduled Job Start: erpnext.healthcare.doctype.patient_appointment.patient_appointment.send_appointment_reminder for portal.ksrnr.gov.sa
2021-12-19 13:04:17,838 INFO scheduler Scheduled Job Complete: erpnext.healthcare.doctype.patient_appointment.patient_appointment.send_appointment_reminder for portal.ksrnr.gov.sa
2021-12-19 13:04:17,923 INFO scheduler Scheduled Job Start: erpnext.projects.doctype.project.project.project_status_update_reminder for portal.ksrnr.gov.sa
2021-12-19 13:04:18,399 INFO scheduler Scheduled Job Complete: erpnext.projects.doctype.project.project.project_status_update_reminder for portal.ksrnr.gov.sa
2021-12-19 13:04:18,484 INFO scheduler Scheduled Job Start: frappe.monitor.flush for portal.ksrnr.gov.sa
2021-12-19 13:04:18,764 INFO scheduler Scheduled Job Complete: frappe.monitor.flush for portal.ksrnr.gov.sa
2021-12-19 13:04:18,845 INFO scheduler Scheduled Job Start: frappe.utils.global_search.sync_global_search for portal.ksrnr.gov.sa
2021-12-19 13:04:19,160 INFO scheduler Scheduled Job Complete: frappe.utils.global_search.sync_global_search for portal.ksrnr.gov.sa
2021-12-19 13:04:19,241 INFO scheduler Scheduled Job Start: frappe.integrations.doctype.razorpay_settings.razorpay_settings.capture_payment for portal.ksrnr.gov.sa
2021-12-19 13:04:19,790 INFO scheduler Scheduled Job Complete: frappe.integrations.doctype.razorpay_settings.razorpay_settings.capture_payment for portal.ksrnr.gov.sa
2021-12-19 13:04:19,870 INFO scheduler Scheduled Job Start: frappe.email.doctype.email_account.email_account.notify_unreplied for portal.ksrnr.gov.sa
2021-12-19 13:04:20,226 INFO scheduler Scheduled Job Complete: frappe.email.doctype.email_account.email_account.notify_unreplied for portal.ksrnr.gov.sa
2021-12-19 13:04:20,305 INFO scheduler Scheduled Job Start: frappe.email.doctype.email_account.email_account.pull for portal.ksrnr.gov.sa
2021-12-19 13:04:20,673 INFO scheduler Scheduled Job Complete: frappe.email.doctype.email_account.email_account.pull for portal.ksrnr.gov.sa
2021-12-19 13:04:20,752 INFO scheduler Scheduled Job Start: frappe.email.queue.flush for portal.ksrnr.gov.sa
2021-12-19 13:04:21,070 INFO scheduler Scheduled Job Complete: frappe.email.queue.flush for portal.ksrnr.gov.sa
2021-12-19 13:05:14,472 DEBUG scheduler Queued events for site portal.ksrnr.gov.sa
2021-12-19 13:06:15,453 DEBUG scheduler Queued events for site portal.ksrnr.gov.sa
2021-12-19 13:07:16,448 DEBUG scheduler Queued events for site portal.ksrnr.gov.sa
2021-12-19 13:08:17,697 DEBUG scheduler Queued events for site portal.ksrnr.gov.sa
2021-12-19 13:08:21,424 INFO scheduler Scheduled Job Start: erpnext.crm.doctype.social_media_post.social_media_post.process_scheduled_social_media_posts for portal.ksrnr.gov.sa
2021-12-19 13:08:21,803 INFO scheduler Scheduled Job Complete: erpnext.crm.doctype.social_media_post.social_media_post.process_scheduled_social_media_posts for portal.ksrnr.gov.sa
2021-12-19 13:08:21,883 INFO scheduler Scheduled Job Start: erpnext.healthcare.doctype.patient_appointment.patient_appointment.send_appointment_reminder for portal.ksrnr.gov.sa
2021-12-19 13:08:22,284 INFO scheduler Scheduled Job Complete: erpnext.healthcare.doctype.patient_appointment.patient_appointment.send_appointment_reminder for portal.ksrnr.gov.sa
2021-12-19 13:08:22,364 INFO scheduler Scheduled Job Start: erpnext.projects.doctype.project.project.project_status_update_reminder for portal.ksrnr.gov.sa
2021-12-19 13:08:22,835 INFO scheduler Scheduled Job Complete: erpnext.projects.doctype.project.project.project_status_update_reminder for portal.ksrnr.gov.sa
2021-12-19 13:08:22,918 INFO scheduler Scheduled Job Start: frappe.monitor.flush for portal.ksrnr.gov.sa
2021-12-19 13:08:23,197 INFO scheduler Scheduled Job Complete: frappe.monitor.flush for portal.ksrnr.gov.sa
2021-12-19 13:08:23,281 INFO scheduler Scheduled Job Start: frappe.utils.global_search.sync_global_search for portal.ksrnr.gov.sa
2021-12-19 13:08:23,581 INFO scheduler Scheduled Job Complete: frappe.utils.global_search.sync_global_search for portal.ksrnr.gov.sa
2021-12-19 13:08:23,661 INFO scheduler Scheduled Job Start: frappe.integrations.doctype.razorpay_settings.razorpay_settings.capture_payment for portal.ksrnr.gov.sa
2021-12-19 13:08:24,214 INFO scheduler Scheduled Job Complete: frappe.integrations.doctype.razorpay_settings.razorpay_settings.capture_payment for portal.ksrnr.gov.sa
2021-12-19 13:08:24,305 INFO scheduler Scheduled Job Start: frappe.email.doctype.email_account.email_account.notify_unreplied for portal.ksrnr.gov.sa
2021-12-19 13:08:24,655 INFO scheduler Scheduled Job Complete: frappe.email.doctype.email_account.email_account.notify_unreplied for portal.ksrnr.gov.sa
2021-12-19 13:08:24,737 INFO scheduler Scheduled Job Start: frappe.email.doctype.email_account.email_account.pull for portal.ksrnr.gov.sa
2021-12-19 13:08:25,103 INFO scheduler Scheduled Job Complete: frappe.email.doctype.email_account.email_account.pull for portal.ksrnr.gov.sa
2021-12-19 13:08:25,185 INFO scheduler Scheduled Job Start: frappe.email.queue.flush for portal.ksrnr.gov.sa
2021-12-19 13:08:25,504 INFO scheduler Scheduled Job Complete: frappe.email.queue.flush for portal.ksrnr.gov.sa
2021-12-19 13:09:18,821 DEBUG scheduler Queued events for site portal.ksrnr.gov.sa
2021-12-19 13:10:19,788 DEBUG scheduler Queued events for site portal.ksrnr.gov.sa
2021-12-19 13:11:20,776 DEBUG scheduler Queued events for site portal.ksrnr.gov.sa
2021-12-19 13:12:21,883 DEBUG scheduler Queued events for site portal.ksrnr.gov.sa
2021-12-19 13:12:25,613 INFO scheduler Scheduled Job Start: erpnext.crm.doctype.social_media_post.social_media_post.process_scheduled_social_media_posts for portal.ksrnr.gov.sa
2021-12-19 13:12:25,944 INFO scheduler Scheduled Job Complete: erpnext.crm.doctype.social_media_post.social_media_post.process_scheduled_social_media_posts for portal.ksrnr.gov.sa
2021-12-19 13:12:26,026 INFO scheduler Scheduled Job Start: erpnext.healthcare.doctype.patient_appointment.patient_appointment.send_appointment_reminder for portal.ksrnr.gov.sa
2021-12-19 13:12:26,354 INFO scheduler Scheduled Job Complete: erpnext.healthcare.doctype.patient_appointment.patient_appointment.send_appointment_reminder for portal.ksrnr.gov.sa
2021-12-19 13:12:26,437 INFO scheduler Scheduled Job Start: erpnext.projects.doctype.project.project.project_status_update_reminder for portal.ksrnr.gov.sa
2021-12-19 13:12:26,865 INFO scheduler Scheduled Job Complete: erpnext.projects.doctype.project.project.project_status_update_reminder for portal.ksrnr.gov.sa
2021-12-19 13:12:26,954 INFO scheduler Scheduled Job Start: frappe.monitor.flush for portal.ksrnr.gov.sa
2021-12-19 13:12:27,249 INFO scheduler Scheduled Job Complete: frappe.monitor.flush for portal.ksrnr.gov.sa
2021-12-19 13:12:27,329 INFO scheduler Scheduled Job Start: frappe.utils.global_search.sync_global_search for portal.ksrnr.gov.sa
2021-12-19 13:12:27,624 INFO scheduler Scheduled Job Complete: frappe.utils.global_search.sync_global_search for portal.ksrnr.gov.sa
2021-12-19 13:12:27,705 INFO scheduler Scheduled Job Start: frappe.integrations.doctype.razorpay_settings.razorpay_settings.capture_payment for portal.ksrnr.gov.sa
2021-12-19 13:12:28,184 INFO scheduler Scheduled Job Complete: frappe.integrations.doctype.razorpay_settings.razorpay_settings.capture_payment for portal.ksrnr.gov.sa
2021-12-19 13:12:28,266 INFO scheduler Scheduled Job Start: frappe.email.doctype.email_account.email_account.notify_unreplied for portal.ksrnr.gov.sa
2021-12-19 13:12:28,605 INFO scheduler Scheduled Job Complete: frappe.email.doctype.email_account.email_account.notify_unreplied for portal.ksrnr.gov.sa
2021-12-19 13:12:28,687 INFO scheduler Scheduled Job Start: frappe.email.doctype.email_account.email_account.pull for portal.ksrnr.gov.sa
2021-12-19 13:12:29,071 INFO scheduler Scheduled Job Complete: frappe.email.doctype.email_account.email_account.pull for portal.ksrnr.gov.sa
2021-12-19 13:12:29,151 INFO scheduler Scheduled Job Start: frappe.email.queue.flush for portal.ksrnr.gov.sa
2021-12-19 13:12:29,451 INFO scheduler Scheduled Job Complete: frappe.email.queue.flush for portal.ksrnr.gov.sa
2021-12-19 13:13:23,076 DEBUG scheduler Queued events for site portal.ksrnr.gov.sa
2021-12-19 13:14:24,050 DEBUG scheduler Queued events for site portal.ksrnr.gov.sa
2021-12-19 13:15:25,092 DEBUG scheduler Queued events for site portal.ksrnr.gov.sa
2021-12-19 13:15:26,357 INFO scheduler Scheduled Job Start: frappe.twofactor.delete_all_barcodes_for_users for portal.ksrnr.gov.sa
2021-12-19 13:15:27,573 INFO scheduler Scheduled Job Complete: frappe.twofactor.delete_all_barcodes_for_users for portal.ksrnr.gov.sa
2021-12-19 13:15:27,655 INFO scheduler Scheduled Job Start: frappe.website.doctype.web_page.web_page.check_publish_status for portal.ksrnr.gov.sa
2021-12-19 13:15:28,122 INFO scheduler Scheduled Job Complete: frappe.website.doctype.web_page.web_page.check_publish_status for portal.ksrnr.gov.sa
2021-12-19 13:15:28,207 INFO scheduler Scheduled Job Start: frappe.oauth.delete_oauth2_data for portal.ksrnr.gov.sa
2021-12-19 13:15:28,636 INFO scheduler Scheduled Job Complete: frappe.oauth.delete_oauth2_data for portal.ksrnr.gov.sa
2021-12-19 13:16:26,366 DEBUG scheduler Queued events for site portal.ksrnr.gov.sa
2021-12-19 13:16:29,978 INFO scheduler Scheduled Job Start: erpnext.crm.doctype.social_media_post.social_media_post.process_scheduled_social_media_posts for portal.ksrnr.gov.sa
2021-12-19 13:16:30,312 INFO scheduler Scheduled Job Complete: erpnext.crm.doctype.social_media_post.social_media_post.process_scheduled_social_media_posts for portal.ksrnr.gov.sa
2021-12-19 13:16:30,399 INFO scheduler Scheduled Job Start: erpnext.healthcare.doctype.patient_appointment.patient_appointment.send_appointment_reminder for portal.ksrnr.gov.sa
2021-12-19 13:16:30,707 INFO scheduler Scheduled Job Complete: erpnext.healthcare.doctype.patient_appointment.patient_appointment.send_appointment_reminder for portal.ksrnr.gov.sa
2021-12-19 13:16:30,787 INFO scheduler Scheduled Job Start: erpnext.projects.doctype.project.project.project_status_update_reminder for portal.ksrnr.gov.sa
2021-12-19 13:16:31,228 INFO scheduler Scheduled Job Complete: erpnext.projects.doctype.project.project.project_status_update_reminder for portal.ksrnr.gov.sa
2021-12-19 13:16:31,311 INFO scheduler Scheduled Job Start: frappe.monitor.flush for portal.ksrnr.gov.sa
2021-12-19 13:16:31,617 INFO scheduler Scheduled Job Complete: frappe.monitor.flush for portal.ksrnr.gov.sa
2021-12-19 13:16:31,699 INFO scheduler Scheduled Job Start: frappe.utils.global_search.sync_global_search for portal.ksrnr.gov.sa
2021-12-19 13:16:32,019 INFO scheduler Scheduled Job Complete: frappe.utils.global_search.sync_global_search for portal.ksrnr.gov.sa
2021-12-19 13:16:32,098 INFO scheduler Scheduled Job Start: frappe.integrations.doctype.razorpay_settings.razorpay_settings.capture_payment for portal.ksrnr.gov.sa
2021-12-19 13:16:32,583 INFO scheduler Scheduled Job Complete: frappe.integrations.doctype.razorpay_settings.razorpay_settings.capture_payment for portal.ksrnr.gov.sa
2021-12-19 13:16:32,667 INFO scheduler Scheduled Job Start: frappe.email.doctype.email_account.email_account.notify_unreplied for portal.ksrnr.gov.sa
2021-12-19 13:16:33,032 INFO scheduler Scheduled Job Complete: frappe.email.doctype.email_account.email_account.notify_unreplied for portal.ksrnr.gov.sa
2021-12-19 13:16:33,111 INFO scheduler Scheduled Job Start: frappe.email.doctype.email_account.email_account.pull for portal.ksrnr.gov.sa
2021-12-19 13:16:33,507 INFO scheduler Scheduled Job Complete: frappe.email.doctype.email_account.email_account.pull for portal.ksrnr.gov.sa
2021-12-19 13:16:33,589 INFO scheduler Scheduled Job Start: frappe.email.queue.flush for portal.ksrnr.gov.sa
2021-12-19 13:16:33,913 INFO scheduler Scheduled Job Complete: frappe.email.queue.flush for portal.ksrnr.gov.sa
2021-12-19 13:17:27,513 DEBUG scheduler Queued events for site portal.ksrnr.gov.sa
2021-12-19 13:18:28,520 DEBUG scheduler Queued events for site portal.ksrnr.gov.sa
2021-12-19 13:19:29,515 DEBUG scheduler Queued events for site portal.ksrnr.gov.sa
2021-12-19 13:20:30,683 DEBUG scheduler Queued events for site portal.ksrnr.gov.sa
2021-12-19 13:20:34,320 INFO scheduler Scheduled Job Start: erpnext.crm.doctype.social_media_post.social_media_post.process_scheduled_social_media_posts for portal.ksrnr.gov.sa
2021-12-19 13:20:34,659 INFO scheduler Scheduled Job Complete: erpnext.crm.doctype.social_media_post.social_media_post.process_scheduled_social_media_posts for portal.ksrnr.gov.sa
2021-12-19 13:20:34,739 INFO scheduler Scheduled Job Start: erpnext.healthcare.doctype.patient_appointment.patient_appointment.send_appointment_reminder for portal.ksrnr.gov.sa
2021-12-19 13:20:35,062 INFO scheduler Scheduled Job Complete: erpnext.healthcare.doctype.patient_appointment.patient_appointment.send_appointment_reminder for portal.ksrnr.gov.sa
2021-12-19 13:20:35,142 INFO scheduler Scheduled Job Start: erpnext.projects.doctype.project.project.project_status_update_reminder for portal.ksrnr.gov.sa
2021-12-19 13:20:35,601 INFO scheduler Scheduled Job Complete: erpnext.projects.doctype.project.project.project_status_update_reminder for portal.ksrnr.gov.sa
2021-12-19 13:20:35,681 INFO scheduler Scheduled Job Start: frappe.monitor.flush for portal.ksrnr.gov.sa
2021-12-19 13:20:36,027 INFO scheduler Scheduled Job Complete: frappe.monitor.flush for portal.ksrnr.gov.sa
2021-12-19 13:20:36,123 INFO scheduler Scheduled Job Start: frappe.utils.global_search.sync_global_search for portal.ksrnr.gov.sa
2021-12-19 13:20:36,458 INFO scheduler Scheduled Job Complete: frappe.utils.global_search.sync_global_search for portal.ksrnr.gov.sa
2021-12-19 13:20:36,549 INFO scheduler Scheduled Job Start: frappe.integrations.doctype.razorpay_settings.razorpay_settings.capture_payment for portal.ksrnr.gov.sa
2021-12-19 13:20:37,102 INFO scheduler Scheduled Job Complete: frappe.integrations.doctype.razorpay_settings.razorpay_settings.capture_payment for portal.ksrnr.gov.sa
2021-12-19 13:20:37,200 INFO scheduler Scheduled Job Start: frappe.email.doctype.email_account.email_account.notify_unreplied for portal.ksrnr.gov.sa
2021-12-19 13:20:37,589 INFO scheduler Scheduled Job Complete: frappe.email.doctype.email_account.email_account.notify_unreplied for portal.ksrnr.gov.sa
2021-12-19 13:20:37,688 INFO scheduler Scheduled Job Start: frappe.email.doctype.email_account.email_account.pull for portal.ksrnr.gov.sa
2021-12-19 13:20:38,087 INFO scheduler Scheduled Job Complete: frappe.email.doctype.email_account.email_account.pull for portal.ksrnr.gov.sa
2021-12-19 13:20:38,173 INFO scheduler Scheduled Job Start: frappe.email.queue.flush for portal.ksrnr.gov.sa
2021-12-19 13:20:38,500 INFO scheduler Scheduled Job Complete: frappe.email.queue.flush for portal.ksrnr.gov.sa
2021-12-19 13:21:31,838 DEBUG scheduler Queued events for site portal.ksrnr.gov.sa
2021-12-19 13:22:32,791 DEBUG scheduler Queued events for site portal.ksrnr.gov.sa
2021-12-19 13:23:33,767 DEBUG scheduler Queued events for site portal.ksrnr.gov.sa
2021-12-19 13:24:34,947 DEBUG scheduler Queued events for site portal.ksrnr.gov.sa
2021-12-19 13:24:38,791 INFO scheduler Scheduled Job Start: erpnext.crm.doctype.social_media_post.social_media_post.process_scheduled_social_media_posts for portal.ksrnr.gov.sa
2021-12-19 13:24:39,141 INFO scheduler Scheduled Job Complete: erpnext.crm.doctype.social_media_post.social_media_post.process_scheduled_social_media_posts for portal.ksrnr.gov.sa
2021-12-19 13:24:39,233 INFO scheduler Scheduled Job Start: erpnext.healthcare.doctype.patient_appointment.patient_appointment.send_appointment_reminder for portal.ksrnr.gov.sa
2021-12-19 13:24:39,565 INFO scheduler Scheduled Job Complete: erpnext.healthcare.doctype.patient_appointment.patient_appointment.send_appointment_reminder for portal.ksrnr.gov.sa
2021-12-19 13:24:39,655 INFO scheduler Scheduled Job Start: erpnext.projects.doctype.project.project.project_status_update_reminder for portal.ksrnr.gov.sa
2021-12-19 13:24:40,143 INFO scheduler Scheduled Job Complete: erpnext.projects.doctype.project.project.project_status_update_reminder for portal.ksrnr.gov.sa
2021-12-19 13:24:40,232 INFO scheduler Scheduled Job Start: frappe.monitor.flush for portal.ksrnr.gov.sa
2021-12-19 13:24:40,545 INFO scheduler Scheduled Job Complete: frappe.monitor.flush for portal.ksrnr.gov.sa
2021-12-19 13:24:40,635 INFO scheduler Scheduled Job Start: frappe.utils.global_search.sync_global_search for portal.ksrnr.gov.sa
2021-12-19 13:24:40,948 INFO scheduler Scheduled Job Complete: frappe.utils.global_search.sync_global_search for portal.ksrnr.gov.sa
2021-12-19 13:24:41,039 INFO scheduler Scheduled Job Start: frappe.integrations.doctype.razorpay_settings.razorpay_settings.capture_payment for portal.ksrnr.gov.sa
2021-12-19 13:24:41,593 INFO scheduler Scheduled Job Complete: frappe.integrations.doctype.razorpay_settings.razorpay_settings.capture_payment for portal.ksrnr.gov.sa
2021-12-19 13:24:41,681 INFO scheduler Scheduled Job Start: frappe.email.doctype.email_account.email_account.notify_unreplied for portal.ksrnr.gov.sa
2021-12-19 13:24:42,145 INFO scheduler Scheduled Job Complete: frappe.email.doctype.email_account.email_account.notify_unreplied for portal.ksrnr.gov.sa
2021-12-19 13:24:42,257 INFO scheduler Scheduled Job Start: frappe.email.doctype.email_account.email_account.pull for portal.ksrnr.gov.sa
2021-12-19 13:24:42,664 INFO scheduler Scheduled Job Complete: frappe.email.doctype.email_account.email_account.pull for portal.ksrnr.gov.sa
2021-12-19 13:24:42,746 INFO scheduler Scheduled Job Start: frappe.email.queue.flush for portal.ksrnr.gov.sa
2021-12-19 13:24:43,072 INFO scheduler Scheduled Job Complete: frappe.email.queue.flush for portal.ksrnr.gov.sa
2021-12-19 13:25:36,088 DEBUG scheduler Queued events for site portal.ksrnr.gov.sa
2021-12-19 13:26:37,066 DEBUG scheduler Queued events for site portal.ksrnr.gov.sa
2021-12-19 13:27:38,074 DEBUG scheduler Queued events for site portal.ksrnr.gov.sa
2021-12-19 13:28:39,328 DEBUG scheduler Queued events for site portal.ksrnr.gov.sa
2021-12-19 13:28:43,452 INFO scheduler Scheduled Job Start: erpnext.crm.doctype.social_media_post.social_media_post.process_scheduled_social_media_posts for portal.ksrnr.gov.sa
2021-12-19 13:28:43,860 INFO scheduler Scheduled Job Complete: erpnext.crm.doctype.social_media_post.social_media_post.process_scheduled_social_media_posts for portal.ksrnr.gov.sa
2021-12-19 13:28:43,949 INFO scheduler Scheduled Job Start: erpnext.healthcare.doctype.patient_appointment.patient_appointment.send_appointment_reminder for portal.ksrnr.gov.sa
2021-12-19 13:28:44,276 INFO scheduler Scheduled Job Complete: erpnext.healthcare.doctype.patient_appointment.patient_appointment.send_appointment_reminder for portal.ksrnr.gov.sa
2021-12-19 13:28:44,367 INFO scheduler Scheduled Job Start: erpnext.projects.doctype.project.project.project_status_update_reminder for portal.ksrnr.gov.sa
2021-12-19 13:28:44,818 INFO scheduler Scheduled Job Complete: erpnext.projects.doctype.project.project.project_status_update_reminder for portal.ksrnr.gov.sa
2021-12-19 13:28:44,901 INFO scheduler Scheduled Job Start: frappe.monitor.flush for portal.ksrnr.gov.sa
2021-12-19 13:28:45,183 INFO scheduler Scheduled Job Complete: frappe.monitor.flush for portal.ksrnr.gov.sa
2021-12-19 13:28:45,263 INFO scheduler Scheduled Job Start: frappe.utils.global_search.sync_global_search for portal.ksrnr.gov.sa
2021-12-19 13:28:45,568 INFO scheduler Scheduled Job Complete: frappe.utils.global_search.sync_global_search for portal.ksrnr.gov.sa
2021-12-19 13:28:45,649 INFO scheduler Scheduled Job Start: frappe.integrations.doctype.razorpay_settings.razorpay_settings.capture_payment for portal.ksrnr.gov.sa
2021-12-19 13:28:46,192 INFO scheduler Scheduled Job Complete: frappe.integrations.doctype.razorpay_settings.razorpay_settings.capture_payment for portal.ksrnr.gov.sa
2021-12-19 13:28:46,280 INFO scheduler Scheduled Job Start: frappe.email.doctype.email_account.email_account.notify_unreplied for portal.ksrnr.gov.sa
2021-12-19 13:28:46,644 INFO scheduler Scheduled Job Complete: frappe.email.doctype.email_account.email_account.notify_unreplied for portal.ksrnr.gov.sa
2021-12-19 13:28:46,725 INFO scheduler Scheduled Job Start: frappe.email.doctype.email_account.email_account.pull for portal.ksrnr.gov.sa
2021-12-19 13:28:47,144 INFO scheduler Scheduled Job Complete: frappe.email.doctype.email_account.email_account.pull for portal.ksrnr.gov.sa
2021-12-19 13:28:47,226 INFO scheduler Scheduled Job Start: frappe.email.queue.flush for portal.ksrnr.gov.sa
2021-12-19 13:28:47,541 INFO scheduler Scheduled Job Complete: frappe.email.queue.flush for portal.ksrnr.gov.sa
2021-12-19 13:29:40,719 DEBUG scheduler Queued events for site portal.ksrnr.gov.sa
2021-12-19 13:30:41,752 DEBUG scheduler Queued events for site portal.ksrnr.gov.sa
2021-12-19 13:30:43,529 INFO scheduler Scheduled Job Start: erpnext.utilities.doctype.video.video.update_youtube_data for portal.ksrnr.gov.sa
2021-12-19 13:30:43,972 INFO scheduler Scheduled Job Complete: erpnext.utilities.doctype.video.video.update_youtube_data for portal.ksrnr.gov.sa
2021-12-19 13:30:44,062 INFO scheduler Scheduled Job Start: frappe.twofactor.delete_all_barcodes_for_users for portal.ksrnr.gov.sa
2021-12-19 13:30:45,281 INFO scheduler Scheduled Job Complete: frappe.twofactor.delete_all_barcodes_for_users for portal.ksrnr.gov.sa
2021-12-19 13:30:45,371 INFO scheduler Scheduled Job Start: frappe.website.doctype.web_page.web_page.check_publish_status for portal.ksrnr.gov.sa
2021-12-19 13:30:45,821 INFO scheduler Scheduled Job Complete: frappe.website.doctype.web_page.web_page.check_publish_status for portal.ksrnr.gov.sa
2021-12-19 13:30:45,911 INFO scheduler Scheduled Job Start: frappe.oauth.delete_oauth2_data for portal.ksrnr.gov.sa
2021-12-19 13:30:46,336 INFO scheduler Scheduled Job Complete: frappe.oauth.delete_oauth2_data for portal.ksrnr.gov.sa
2021-12-19 13:31:42,803 DEBUG scheduler Queued events for site portal.ksrnr.gov.sa
2021-12-19 13:32:44,100 DEBUG scheduler Queued events for site portal.ksrnr.gov.sa
2021-12-19 13:32:47,823 INFO scheduler Scheduled Job Start: erpnext.crm.doctype.social_media_post.social_media_post.process_scheduled_social_media_posts for portal.ksrnr.gov.sa
2021-12-19 13:32:48,153 INFO scheduler Scheduled Job Complete: erpnext.crm.doctype.social_media_post.social_media_post.process_scheduled_social_media_posts for portal.ksrnr.gov.sa
2021-12-19 13:32:48,235 INFO scheduler Scheduled Job Start: erpnext.healthcare.doctype.patient_appointment.patient_appointment.send_appointment_reminder for portal.ksrnr.gov.sa
2021-12-19 13:32:48,533 INFO scheduler Scheduled Job Complete: erpnext.healthcare.doctype.patient_appointment.patient_appointment.send_appointment_reminder for portal.ksrnr.gov.sa
2021-12-19 13:32:48,617 INFO scheduler Scheduled Job Start: erpnext.projects.doctype.project.project.project_status_update_reminder for portal.ksrnr.gov.sa
2021-12-19 13:32:49,099 INFO scheduler Scheduled Job Complete: erpnext.projects.doctype.project.project.project_status_update_reminder for portal.ksrnr.gov.sa
2021-12-19 13:32:49,185 INFO scheduler Scheduled Job Start: frappe.monitor.flush for portal.ksrnr.gov.sa
2021-12-19 13:32:49,485 INFO scheduler Scheduled Job Complete: frappe.monitor.flush for portal.ksrnr.gov.sa
2021-12-19 13:32:49,565 INFO scheduler Scheduled Job Start: frappe.utils.global_search.sync_global_search for portal.ksrnr.gov.sa
2021-12-19 13:32:49,852 INFO scheduler Scheduled Job Complete: frappe.utils.global_search.sync_global_search for portal.ksrnr.gov.sa
2021-12-19 13:32:49,936 INFO scheduler Scheduled Job Start: frappe.integrations.doctype.razorpay_settings.razorpay_settings.capture_payment for portal.ksrnr.gov.sa
2021-12-19 13:32:50,444 INFO scheduler Scheduled Job Complete: frappe.integrations.doctype.razorpay_settings.razorpay_settings.capture_payment for portal.ksrnr.gov.sa
2021-12-19 13:32:50,530 INFO scheduler Scheduled Job Start: frappe.email.doctype.email_account.email_account.notify_unreplied for portal.ksrnr.gov.sa
2021-12-19 13:32:50,880 INFO scheduler Scheduled Job Complete: frappe.email.doctype.email_account.email_account.notify_unreplied for portal.ksrnr.gov.sa
2021-12-19 13:32:50,958 INFO scheduler Scheduled Job Start: frappe.email.doctype.email_account.email_account.pull for portal.ksrnr.gov.sa
2021-12-19 13:32:51,348 INFO scheduler Scheduled Job Complete: frappe.email.doctype.email_account.email_account.pull for portal.ksrnr.gov.sa
2021-12-19 13:32:51,446 INFO scheduler Scheduled Job Start: frappe.email.queue.flush for portal.ksrnr.gov.sa
2021-12-19 13:32:51,756 INFO scheduler Scheduled Job Complete: frappe.email.queue.flush for portal.ksrnr.gov.sa
2021-12-19 13:33:45,460 DEBUG scheduler Queued events for site portal.ksrnr.gov.sa
2021-12-19 13:34:46,553 DEBUG scheduler Queued events for site portal.ksrnr.gov.sa
2021-12-19 13:35:47,520 DEBUG scheduler Queued events for site portal.ksrnr.gov.sa
2021-12-19 13:36:48,780 DEBUG scheduler Queued events for site portal.ksrnr.gov.sa
2021-12-19 13:36:52,517 INFO scheduler Scheduled Job Start: erpnext.crm.doctype.social_media_post.social_media_post.process_scheduled_social_media_posts for portal.ksrnr.gov.sa
2021-12-19 13:36:52,841 INFO scheduler Scheduled Job Complete: erpnext.crm.doctype.social_media_post.social_media_post.process_scheduled_social_media_posts for portal.ksrnr.gov.sa
2021-12-19 13:36:52,932 INFO scheduler Scheduled Job Start: erpnext.healthcare.doctype.patient_appointment.patient_appointment.send_appointment_reminder for portal.ksrnr.gov.sa
2021-12-19 13:36:53,252 INFO scheduler Scheduled Job Complete: erpnext.healthcare.doctype.patient_appointment.patient_appointment.send_appointment_reminder for portal.ksrnr.gov.sa
2021-12-19 13:36:53,337 INFO scheduler Scheduled Job Start: erpnext.projects.doctype.project.project.project_status_update_reminder for portal.ksrnr.gov.sa
2021-12-19 13:36:53,744 INFO scheduler Scheduled Job Complete: erpnext.projects.doctype.project.project.project_status_update_reminder for portal.ksrnr.gov.sa
2021-12-19 13:36:53,821 INFO scheduler Scheduled Job Start: frappe.monitor.flush for portal.ksrnr.gov.sa
2021-12-19 13:36:54,112 INFO scheduler Scheduled Job Complete: frappe.monitor.flush for portal.ksrnr.gov.sa
2021-12-19 13:36:54,193 INFO scheduler Scheduled Job Start: frappe.utils.global_search.sync_global_search for portal.ksrnr.gov.sa
2021-12-19 13:36:54,486 INFO scheduler Scheduled Job Complete: frappe.utils.global_search.sync_global_search for portal.ksrnr.gov.sa
2021-12-19 13:36:54,567 INFO scheduler Scheduled Job Start: frappe.integrations.doctype.razorpay_settings.razorpay_settings.capture_payment for portal.ksrnr.gov.sa
2021-12-19 13:36:55,048 INFO scheduler Scheduled Job Complete: frappe.integrations.doctype.razorpay_settings.razorpay_settings.capture_payment for portal.ksrnr.gov.sa
2021-12-19 13:36:55,131 INFO scheduler Scheduled Job Start: frappe.email.doctype.email_account.email_account.notify_unreplied for portal.ksrnr.gov.sa
2021-12-19 13:36:55,501 INFO scheduler Scheduled Job Complete: frappe.email.doctype.email_account.email_account.notify_unreplied for portal.ksrnr.gov.sa
2021-12-19 13:36:55,584 INFO scheduler Scheduled Job Start: frappe.email.doctype.email_account.email_account.pull for portal.ksrnr.gov.sa
2021-12-19 13:36:55,979 INFO scheduler Scheduled Job Complete: frappe.email.doctype.email_account.email_account.pull for portal.ksrnr.gov.sa
2021-12-19 13:36:56,059 INFO scheduler Scheduled Job Start: frappe.email.queue.flush for portal.ksrnr.gov.sa
2021-12-19 13:36:56,385 INFO scheduler Scheduled Job Complete: frappe.email.queue.flush for portal.ksrnr.gov.sa
2021-12-19 13:37:49,946 DEBUG scheduler Queued events for site portal.ksrnr.gov.sa
2021-12-19 13:38:50,944 DEBUG scheduler Queued events for site portal.ksrnr.gov.sa
2021-12-19 13:39:51,923 DEBUG scheduler Queued events for site portal.ksrnr.gov.sa
2021-12-19 13:40:53,173 DEBUG scheduler Queued events for site portal.ksrnr.gov.sa
2021-12-19 13:40:56,992 INFO scheduler Scheduled Job Start: erpnext.crm.doctype.social_media_post.social_media_post.process_scheduled_social_media_posts for portal.ksrnr.gov.sa
2021-12-19 13:40:57,329 INFO scheduler Scheduled Job Complete: erpnext.crm.doctype.social_media_post.social_media_post.process_scheduled_social_media_posts for portal.ksrnr.gov.sa
2021-12-19 13:40:57,409 INFO scheduler Scheduled Job Start: erpnext.healthcare.doctype.patient_appointment.patient_appointment.send_appointment_reminder for portal.ksrnr.gov.sa
2021-12-19 13:40:57,727 INFO scheduler Scheduled Job Complete: erpnext.healthcare.doctype.patient_appointment.patient_appointment.send_appointment_reminder for portal.ksrnr.gov.sa
2021-12-19 13:40:57,809 INFO scheduler Scheduled Job Start: erpnext.projects.doctype.project.project.project_status_update_reminder for portal.ksrnr.gov.sa
2021-12-19 13:40:58,238 INFO scheduler Scheduled Job Complete: erpnext.projects.doctype.project.project.project_status_update_reminder for portal.ksrnr.gov.sa
2021-12-19 13:40:58,322 INFO scheduler Scheduled Job Start: frappe.monitor.flush for portal.ksrnr.gov.sa
2021-12-19 13:40:58,626 INFO scheduler Scheduled Job Complete: frappe.monitor.flush for portal.ksrnr.gov.sa
2021-12-19 13:40:58,710 INFO scheduler Scheduled Job Start: frappe.utils.global_search.sync_global_search for portal.ksrnr.gov.sa
2021-12-19 13:40:59,016 INFO scheduler Scheduled Job Complete: frappe.utils.global_search.sync_global_search for portal.ksrnr.gov.sa
2021-12-19 13:40:59,098 INFO scheduler Scheduled Job Start: frappe.integrations.doctype.razorpay_settings.razorpay_settings.capture_payment for portal.ksrnr.gov.sa
2021-12-19 13:40:59,603 INFO scheduler Scheduled Job Complete: frappe.integrations.doctype.razorpay_settings.razorpay_settings.capture_payment for portal.ksrnr.gov.sa
2021-12-19 13:40:59,686 INFO scheduler Scheduled Job Start: frappe.email.doctype.email_account.email_account.notify_unreplied for portal.ksrnr.gov.sa
2021-12-19 13:41:00,038 INFO scheduler Scheduled Job Complete: frappe.email.doctype.email_account.email_account.notify_unreplied for portal.ksrnr.gov.sa
2021-12-19 13:41:00,123 INFO scheduler Scheduled Job Start: frappe.email.doctype.email_account.email_account.pull for portal.ksrnr.gov.sa
2021-12-19 13:41:00,518 INFO scheduler Scheduled Job Complete: frappe.email.doctype.email_account.email_account.pull for portal.ksrnr.gov.sa
2021-12-19 13:41:00,599 INFO scheduler Scheduled Job Start: frappe.email.queue.flush for portal.ksrnr.gov.sa
2021-12-19 13:41:00,925 INFO scheduler Scheduled Job Complete: frappe.email.queue.flush for portal.ksrnr.gov.sa
2021-12-19 13:41:54,445 DEBUG scheduler Queued events for site portal.ksrnr.gov.sa
2021-12-19 13:42:55,434 DEBUG scheduler Queued events for site portal.ksrnr.gov.sa
2021-12-19 13:43:56,438 DEBUG scheduler Queued events for site portal.ksrnr.gov.sa
2021-12-19 13:44:57,601 DEBUG scheduler Queued events for site portal.ksrnr.gov.sa
2021-12-19 13:45:01,311 INFO scheduler Scheduled Job Start: erpnext.crm.doctype.social_media_post.social_media_post.process_scheduled_social_media_posts for portal.ksrnr.gov.sa
2021-12-19 13:45:01,658 INFO scheduler Scheduled Job Complete: erpnext.crm.doctype.social_media_post.social_media_post.process_scheduled_social_media_posts for portal.ksrnr.gov.sa
2021-12-19 13:45:01,742 INFO scheduler Scheduled Job Start: erpnext.healthcare.doctype.patient_appointment.patient_appointment.send_appointment_reminder for portal.ksrnr.gov.sa
2021-12-19 13:45:02,069 INFO scheduler Scheduled Job Complete: erpnext.healthcare.doctype.patient_appointment.patient_appointment.send_appointment_reminder for portal.ksrnr.gov.sa
2021-12-19 13:45:02,152 INFO scheduler Scheduled Job Start: erpnext.projects.doctype.project.project.project_status_update_reminder for portal.ksrnr.gov.sa
2021-12-19 13:45:02,604 INFO scheduler Scheduled Job Complete: erpnext.projects.doctype.project.project.project_status_update_reminder for portal.ksrnr.gov.sa
2021-12-19 13:45:02,689 INFO scheduler Scheduled Job Start: frappe.monitor.flush for portal.ksrnr.gov.sa
2021-12-19 13:45:02,989 INFO scheduler Scheduled Job Complete: frappe.monitor.flush for portal.ksrnr.gov.sa
2021-12-19 13:45:03,062 INFO scheduler Scheduled Job Start: frappe.utils.global_search.sync_global_search for portal.ksrnr.gov.sa
2021-12-19 13:45:03,353 INFO scheduler Scheduled Job Complete: frappe.utils.global_search.sync_global_search for portal.ksrnr.gov.sa
2021-12-19 13:45:03,432 INFO scheduler Scheduled Job Start: frappe.integrations.doctype.razorpay_settings.razorpay_settings.capture_payment for portal.ksrnr.gov.sa
2021-12-19 13:45:03,935 INFO scheduler Scheduled Job Complete: frappe.integrations.doctype.razorpay_settings.razorpay_settings.capture_payment for portal.ksrnr.gov.sa
2021-12-19 13:45:04,023 INFO scheduler Scheduled Job Start: frappe.email.doctype.email_account.email_account.notify_unreplied for portal.ksrnr.gov.sa
2021-12-19 13:45:04,370 INFO scheduler Scheduled Job Complete: frappe.email.doctype.email_account.email_account.notify_unreplied for portal.ksrnr.gov.sa
2021-12-19 13:45:04,453 INFO scheduler Scheduled Job Start: frappe.email.doctype.email_account.email_account.pull for portal.ksrnr.gov.sa
2021-12-19 13:45:04,841 INFO scheduler Scheduled Job Complete: frappe.email.doctype.email_account.email_account.pull for portal.ksrnr.gov.sa
2021-12-19 13:45:04,925 INFO scheduler Scheduled Job Start: frappe.email.queue.flush for portal.ksrnr.gov.sa
2021-12-19 13:45:05,236 INFO scheduler Scheduled Job Complete: frappe.email.queue.flush for portal.ksrnr.gov.sa
2021-12-19 13:45:58,819 DEBUG scheduler Queued events for site portal.ksrnr.gov.sa
2021-12-19 13:46:00,133 INFO scheduler Scheduled Job Start: frappe.twofactor.delete_all_barcodes_for_users for portal.ksrnr.gov.sa
2021-12-19 13:46:01,354 INFO scheduler Scheduled Job Complete: frappe.twofactor.delete_all_barcodes_for_users for portal.ksrnr.gov.sa
2021-12-19 13:46:01,440 INFO scheduler Scheduled Job Start: frappe.website.doctype.web_page.web_page.check_publish_status for portal.ksrnr.gov.sa
2021-12-19 13:46:01,864 INFO scheduler Scheduled Job Complete: frappe.website.doctype.web_page.web_page.check_publish_status for portal.ksrnr.gov.sa
2021-12-19 13:46:01,954 INFO scheduler Scheduled Job Start: frappe.oauth.delete_oauth2_data for portal.ksrnr.gov.sa
2021-12-19 13:46:02,338 INFO scheduler Scheduled Job Complete: frappe.oauth.delete_oauth2_data for portal.ksrnr.gov.sa
2021-12-19 13:46:59,912 DEBUG scheduler Queued events for site portal.ksrnr.gov.sa
2021-12-19 13:48:01,135 DEBUG scheduler Queued events for site portal.ksrnr.gov.sa
2021-12-19 13:48:04,813 INFO scheduler Scheduled Job Start: erpnext.crm.doctype.social_media_post.social_media_post.process_scheduled_social_media_posts for portal.ksrnr.gov.sa
2021-12-19 13:48:05,147 INFO scheduler Scheduled Job Complete: erpnext.crm.doctype.social_media_post.social_media_post.process_scheduled_social_media_posts for portal.ksrnr.gov.sa
2021-12-19 13:48:05,231 INFO scheduler Scheduled Job Start: erpnext.healthcare.doctype.patient_appointment.patient_appointment.send_appointment_reminder for portal.ksrnr.gov.sa
2021-12-19 13:48:05,550 INFO scheduler Scheduled Job Complete: erpnext.healthcare.doctype.patient_appointment.patient_appointment.send_appointment_reminder for portal.ksrnr.gov.sa
2021-12-19 13:48:05,641 INFO scheduler Scheduled Job Start: erpnext.projects.doctype.project.project.project_status_update_reminder for portal.ksrnr.gov.sa
2021-12-19 13:48:06,080 INFO scheduler Scheduled Job Complete: erpnext.projects.doctype.project.project.project_status_update_reminder for portal.ksrnr.gov.sa
2021-12-19 13:48:06,165 INFO scheduler Scheduled Job Start: frappe.monitor.flush for portal.ksrnr.gov.sa
2021-12-19 13:48:06,479 INFO scheduler Scheduled Job Complete: frappe.monitor.flush for portal.ksrnr.gov.sa
2021-12-19 13:48:06,564 INFO scheduler Scheduled Job Start: frappe.utils.global_search.sync_global_search for portal.ksrnr.gov.sa
2021-12-19 13:48:06,854 INFO scheduler Scheduled Job Complete: frappe.utils.global_search.sync_global_search for portal.ksrnr.gov.sa
2021-12-19 13:48:06,943 INFO scheduler Scheduled Job Start: frappe.integrations.doctype.razorpay_settings.razorpay_settings.capture_payment for portal.ksrnr.gov.sa
2021-12-19 13:48:07,450 INFO scheduler Scheduled Job Complete: frappe.integrations.doctype.razorpay_settings.razorpay_settings.capture_payment for portal.ksrnr.gov.sa
2021-12-19 13:48:07,528 INFO scheduler Scheduled Job Start: frappe.email.doctype.email_account.email_account.notify_unreplied for portal.ksrnr.gov.sa
2021-12-19 13:48:07,887 INFO scheduler Scheduled Job Complete: frappe.email.doctype.email_account.email_account.notify_unreplied for portal.ksrnr.gov.sa
2021-12-19 13:48:07,972 INFO scheduler Scheduled Job Start: frappe.email.doctype.email_account.email_account.pull for portal.ksrnr.gov.sa
2021-12-19 13:48:08,337 INFO scheduler Scheduled Job Complete: frappe.email.doctype.email_account.email_account.pull for portal.ksrnr.gov.sa
2021-12-19 13:48:08,418 INFO scheduler Scheduled Job Start: frappe.email.queue.flush for portal.ksrnr.gov.sa
2021-12-19 13:48:08,726 INFO scheduler Scheduled Job Complete: frappe.email.queue.flush for portal.ksrnr.gov.sa
2021-12-19 13:49:02,260 DEBUG scheduler Queued events for site portal.ksrnr.gov.sa
2021-12-19 13:50:03,240 DEBUG scheduler Queued events for site portal.ksrnr.gov.sa
2021-12-19 13:51:04,225 DEBUG scheduler Queued events for site portal.ksrnr.gov.sa
2021-12-19 13:52:05,375 DEBUG scheduler Queued events for site portal.ksrnr.gov.sa
2021-12-19 13:52:08,998 INFO scheduler Scheduled Job Start: erpnext.crm.doctype.social_media_post.social_media_post.process_scheduled_social_media_posts for portal.ksrnr.gov.sa
2021-12-19 13:52:09,315 INFO scheduler Scheduled Job Complete: erpnext.crm.doctype.social_media_post.social_media_post.process_scheduled_social_media_posts for portal.ksrnr.gov.sa
2021-12-19 13:52:09,392 INFO scheduler Scheduled Job Start: erpnext.healthcare.doctype.patient_appointment.patient_appointment.send_appointment_reminder for portal.ksrnr.gov.sa
2021-12-19 13:52:09,686 INFO scheduler Scheduled Job Complete: erpnext.healthcare.doctype.patient_appointment.patient_appointment.send_appointment_reminder for portal.ksrnr.gov.sa
2021-12-19 13:52:09,774 INFO scheduler Scheduled Job Start: erpnext.projects.doctype.project.project.project_status_update_reminder for portal.ksrnr.gov.sa
2021-12-19 13:52:10,201 INFO scheduler Scheduled Job Complete: erpnext.projects.doctype.project.project.project_status_update_reminder for portal.ksrnr.gov.sa
2021-12-19 13:52:10,287 INFO scheduler Scheduled Job Start: frappe.monitor.flush for portal.ksrnr.gov.sa
2021-12-19 13:52:10,579 INFO scheduler Scheduled Job Complete: frappe.monitor.flush for portal.ksrnr.gov.sa
2021-12-19 13:52:10,659 INFO scheduler Scheduled Job Start: frappe.utils.global_search.sync_global_search for portal.ksrnr.gov.sa
2021-12-19 13:52:10,939 INFO scheduler Scheduled Job Complete: frappe.utils.global_search.sync_global_search for portal.ksrnr.gov.sa
2021-12-19 13:52:11,019 INFO scheduler Scheduled Job Start: frappe.integrations.doctype.razorpay_settings.razorpay_settings.capture_payment for portal.ksrnr.gov.sa
2021-12-19 13:52:11,494 INFO scheduler Scheduled Job Complete: frappe.integrations.doctype.razorpay_settings.razorpay_settings.capture_payment for portal.ksrnr.gov.sa
2021-12-19 13:52:11,578 INFO scheduler Scheduled Job Start: frappe.email.doctype.email_account.email_account.notify_unreplied for portal.ksrnr.gov.sa
2021-12-19 13:52:11,947 INFO scheduler Scheduled Job Complete: frappe.email.doctype.email_account.email_account.notify_unreplied for portal.ksrnr.gov.sa
2021-12-19 13:52:12,025 INFO scheduler Scheduled Job Start: frappe.email.doctype.email_account.email_account.pull for portal.ksrnr.gov.sa
2021-12-19 13:52:12,378 INFO scheduler Scheduled Job Complete: frappe.email.doctype.email_account.email_account.pull for portal.ksrnr.gov.sa
2021-12-19 13:52:12,455 INFO scheduler Scheduled Job Start: frappe.email.queue.flush for portal.ksrnr.gov.sa
2021-12-19 13:52:12,746 INFO scheduler Scheduled Job Complete: frappe.email.queue.flush for portal.ksrnr.gov.sa
2021-12-19 13:53:06,558 DEBUG scheduler Queued events for site portal.ksrnr.gov.sa
2021-12-19 13:54:07,527 DEBUG scheduler Queued events for site portal.ksrnr.gov.sa
2021-12-19 13:55:08,502 DEBUG scheduler Queued events for site portal.ksrnr.gov.sa
2021-12-19 13:56:09,623 DEBUG scheduler Queued events for site portal.ksrnr.gov.sa
2021-12-19 13:56:13,237 INFO scheduler Scheduled Job Start: erpnext.crm.doctype.social_media_post.social_media_post.process_scheduled_social_media_posts for portal.ksrnr.gov.sa
2021-12-19 13:56:13,570 INFO scheduler Scheduled Job Complete: erpnext.crm.doctype.social_media_post.social_media_post.process_scheduled_social_media_posts for portal.ksrnr.gov.sa
2021-12-19 13:56:13,654 INFO scheduler Scheduled Job Start: erpnext.healthcare.doctype.patient_appointment.patient_appointment.send_appointment_reminder for portal.ksrnr.gov.sa
2021-12-19 13:56:13,971 INFO scheduler Scheduled Job Complete: erpnext.healthcare.doctype.patient_appointment.patient_appointment.send_appointment_reminder for portal.ksrnr.gov.sa
2021-12-19 13:56:14,066 INFO scheduler Scheduled Job Start: erpnext.projects.doctype.project.project.project_status_update_reminder for portal.ksrnr.gov.sa
2021-12-19 13:56:14,486 INFO scheduler Scheduled Job Complete: erpnext.projects.doctype.project.project.project_status_update_reminder for portal.ksrnr.gov.sa
2021-12-19 13:56:14,569 INFO scheduler Scheduled Job Start: frappe.monitor.flush for portal.ksrnr.gov.sa
2021-12-19 13:56:14,870 INFO scheduler Scheduled Job Complete: frappe.monitor.flush for portal.ksrnr.gov.sa
2021-12-19 13:56:14,950 INFO scheduler Scheduled Job Start: frappe.utils.global_search.sync_global_search for portal.ksrnr.gov.sa
2021-12-19 13:56:15,241 INFO scheduler Scheduled Job Complete: frappe.utils.global_search.sync_global_search for portal.ksrnr.gov.sa
2021-12-19 13:56:15,321 INFO scheduler Scheduled Job Start: frappe.integrations.doctype.razorpay_settings.razorpay_settings.capture_payment for portal.ksrnr.gov.sa
2021-12-19 13:56:15,836 INFO scheduler Scheduled Job Complete: frappe.integrations.doctype.razorpay_settings.razorpay_settings.capture_payment for portal.ksrnr.gov.sa
2021-12-19 13:56:15,920 INFO scheduler Scheduled Job Start: frappe.email.doctype.email_account.email_account.notify_unreplied for portal.ksrnr.gov.sa
2021-12-19 13:56:16,289 INFO scheduler Scheduled Job Complete: frappe.email.doctype.email_account.email_account.notify_unreplied for portal.ksrnr.gov.sa
2021-12-19 13:56:16,376 INFO scheduler Scheduled Job Start: frappe.email.doctype.email_account.email_account.pull for portal.ksrnr.gov.sa
2021-12-19 13:56:16,750 INFO scheduler Scheduled Job Complete: frappe.email.doctype.email_account.email_account.pull for portal.ksrnr.gov.sa
2021-12-19 13:56:16,834 INFO scheduler Scheduled Job Start: frappe.email.queue.flush for portal.ksrnr.gov.sa
2021-12-19 13:56:17,156 INFO scheduler Scheduled Job Complete: frappe.email.queue.flush for portal.ksrnr.gov.sa
2021-12-19 13:57:10,775 DEBUG scheduler Queued events for site portal.ksrnr.gov.sa
2021-12-19 13:58:11,733 DEBUG scheduler Queued events for site portal.ksrnr.gov.sa
2021-12-19 13:59:12,690 DEBUG scheduler Queued events for site portal.ksrnr.gov.sa
2021-12-19 14:00:14,181 INFO scheduler Scheduled Job Start: erpnext.stock.doctype.repost_item_valuation.repost_item_valuation.repost_entries for portal.ksrnr.gov.sa
2021-12-19 14:00:14,807 INFO scheduler Scheduled Job Complete: erpnext.stock.doctype.repost_item_valuation.repost_item_valuation.repost_entries for portal.ksrnr.gov.sa
2021-12-19 14:00:14,981 DEBUG scheduler Queued events for site portal.ksrnr.gov.sa
2021-12-19 14:00:29,504 INFO scheduler Scheduled Job Start: erpnext.stock.reorder_item.reorder_item for portal.ksrnr.gov.sa
2021-12-19 14:00:29,906 INFO scheduler Scheduled Job Complete: erpnext.stock.reorder_item.reorder_item for portal.ksrnr.gov.sa
2021-12-19 14:00:29,991 INFO scheduler Scheduled Job Start: erpnext.erpnext_integrations.connectors.shopify_connection.sync_old_orders for portal.ksrnr.gov.sa
2021-12-19 14:00:30,524 INFO scheduler Scheduled Job Complete: erpnext.erpnext_integrations.connectors.shopify_connection.sync_old_orders for portal.ksrnr.gov.sa
2021-12-19 14:00:30,607 INFO scheduler Scheduled Job Start: erpnext.support.doctype.issue.issue.set_service_level_agreement_variance for portal.ksrnr.gov.sa
2021-12-19 14:00:31,029 INFO scheduler Scheduled Job Complete: erpnext.support.doctype.issue.issue.set_service_level_agreement_variance for portal.ksrnr.gov.sa
2021-12-19 14:00:31,113 INFO scheduler Scheduled Job Start: erpnext.hr.doctype.shift_type.shift_type.process_auto_attendance_for_all_shifts for portal.ksrnr.gov.sa
2021-12-19 14:00:31,520 INFO scheduler Scheduled Job Complete: erpnext.hr.doctype.shift_type.shift_type.process_auto_attendance_for_all_shifts for portal.ksrnr.gov.sa
2021-12-19 14:00:31,606 INFO scheduler Scheduled Job Start: erpnext.projects.doctype.project.project.collect_project_status for portal.ksrnr.gov.sa
2021-12-19 14:00:32,117 INFO scheduler Scheduled Job Complete: erpnext.projects.doctype.project.project.collect_project_status for portal.ksrnr.gov.sa
2021-12-19 14:00:32,210 INFO scheduler Scheduled Job Start: erpnext.projects.doctype.project.project.hourly_reminder for portal.ksrnr.gov.sa
2021-12-19 14:00:32,704 INFO scheduler Scheduled Job Complete: erpnext.projects.doctype.project.project.hourly_reminder for portal.ksrnr.gov.sa
2021-12-19 14:00:32,790 INFO scheduler Scheduled Job Start: erpnext.erpnext_integrations.doctype.plaid_settings.plaid_settings.automatic_synchronization for portal.ksrnr.gov.sa
2021-12-19 14:00:33,321 INFO scheduler Scheduled Job Complete: erpnext.erpnext_integrations.doctype.plaid_settings.plaid_settings.automatic_synchronization for portal.ksrnr.gov.sa
2021-12-19 14:00:33,408 INFO scheduler Scheduled Job Start: erpnext.accounts.doctype.gl_entry.gl_entry.rename_gle_sle_docs for portal.ksrnr.gov.sa
2021-12-19 14:00:33,881 INFO scheduler Scheduled Job Complete: erpnext.accounts.doctype.gl_entry.gl_entry.rename_gle_sle_docs for portal.ksrnr.gov.sa
2021-12-19 14:00:33,975 INFO scheduler Scheduled Job Start: erpnext.erpnext_integrations.doctype.amazon_mws_settings.amazon_mws_settings.schedule_get_order_details for portal.ksrnr.gov.sa
2021-12-19 14:00:34,416 INFO scheduler Scheduled Job Complete: erpnext.erpnext_integrations.doctype.amazon_mws_settings.amazon_mws_settings.schedule_get_order_details for portal.ksrnr.gov.sa
2021-12-19 14:00:34,502 INFO scheduler Scheduled Job Start: erpnext.accounts.doctype.subscription.subscription.process_all for portal.ksrnr.gov.sa
2021-12-19 14:00:34,933 INFO scheduler Scheduled Job Complete: erpnext.accounts.doctype.subscription.subscription.process_all for portal.ksrnr.gov.sa
2021-12-19 14:00:35,021 INFO scheduler Scheduled Job Start: erpnext.hr.doctype.daily_work_summary_group.daily_work_summary_group.trigger_emails for portal.ksrnr.gov.sa
2021-12-19 14:00:35,456 INFO scheduler Scheduled Job Complete: erpnext.hr.doctype.daily_work_summary_group.daily_work_summary_group.trigger_emails for portal.ksrnr.gov.sa
2021-12-19 14:00:35,540 INFO scheduler Scheduled Job Start: erpnext.crm.doctype.social_media_post.social_media_post.process_scheduled_social_media_posts for portal.ksrnr.gov.sa
2021-12-19 14:00:35,877 INFO scheduler Scheduled Job Complete: erpnext.crm.doctype.social_media_post.social_media_post.process_scheduled_social_media_posts for portal.ksrnr.gov.sa
2021-12-19 14:00:35,962 INFO scheduler Scheduled Job Start: erpnext.healthcare.doctype.patient_appointment.patient_appointment.send_appointment_reminder for portal.ksrnr.gov.sa
2021-12-19 14:00:36,272 INFO scheduler Scheduled Job Complete: erpnext.healthcare.doctype.patient_appointment.patient_appointment.send_appointment_reminder for portal.ksrnr.gov.sa
2021-12-19 14:00:36,356 INFO scheduler Scheduled Job Start: erpnext.projects.doctype.project.project.project_status_update_reminder for portal.ksrnr.gov.sa
2021-12-19 14:00:36,772 INFO scheduler Scheduled Job Complete: erpnext.projects.doctype.project.project.project_status_update_reminder for portal.ksrnr.gov.sa
2021-12-19 14:00:36,850 INFO scheduler Scheduled Job Start: erpnext.utilities.doctype.video.video.update_youtube_data for portal.ksrnr.gov.sa
2021-12-19 14:00:37,387 INFO scheduler Scheduled Job Failed: erpnext.utilities.doctype.video.video.update_youtube_data for portal.ksrnr.gov.sa
2021-12-19 14:00:37,477 INFO scheduler Scheduled Job Start: frappe.email.doctype.newsletter.newsletter.send_scheduled_email for portal.ksrnr.gov.sa
2021-12-19 14:00:37,956 INFO scheduler Scheduled Job Complete: frappe.email.doctype.newsletter.newsletter.send_scheduled_email for portal.ksrnr.gov.sa
2021-12-19 14:00:38,044 INFO scheduler Scheduled Job Start: frappe.integrations.doctype.google_calendar.google_calendar.sync for portal.ksrnr.gov.sa
2021-12-19 14:00:38,688 INFO scheduler Scheduled Job Complete: frappe.integrations.doctype.google_calendar.google_calendar.sync for portal.ksrnr.gov.sa
2021-12-19 14:00:38,772 INFO scheduler Scheduled Job Start: frappe.desk.form.document_follow.send_hourly_updates for portal.ksrnr.gov.sa
2021-12-19 14:00:39,153 INFO scheduler Scheduled Job Complete: frappe.desk.form.document_follow.send_hourly_updates for portal.ksrnr.gov.sa
2021-12-19 14:00:39,236 INFO scheduler Scheduled Job Start: frappe.deferred_insert.save_to_db for portal.ksrnr.gov.sa
2021-12-19 14:00:39,847 INFO scheduler Scheduled Job Complete: frappe.deferred_insert.save_to_db for portal.ksrnr.gov.sa
2021-12-19 14:00:39,934 INFO scheduler Scheduled Job Start: frappe.desk.page.backups.backups.delete_downloadable_backups for portal.ksrnr.gov.sa
2021-12-19 14:00:40,293 INFO scheduler Scheduled Job Complete: frappe.desk.page.backups.backups.delete_downloadable_backups for portal.ksrnr.gov.sa
2021-12-19 14:00:40,382 INFO scheduler Scheduled Job Start: frappe.utils.error.collect_error_snapshots for portal.ksrnr.gov.sa
2021-12-19 14:00:40,740 INFO scheduler Scheduled Job Complete: frappe.utils.error.collect_error_snapshots for portal.ksrnr.gov.sa
2021-12-19 14:00:40,819 INFO scheduler Scheduled Job Start: frappe.model.utils.user_settings.sync_user_settings for portal.ksrnr.gov.sa
2021-12-19 14:00:41,196 INFO scheduler Scheduled Job Complete: frappe.model.utils.user_settings.sync_user_settings for portal.ksrnr.gov.sa
2021-12-19 14:00:41,282 INFO scheduler Scheduled Job Start: frappe.model.utils.link_count.update_link_count for portal.ksrnr.gov.sa
2021-12-19 14:00:41,641 INFO scheduler Scheduled Job Complete: frappe.model.utils.link_count.update_link_count for portal.ksrnr.gov.sa
2021-12-19 14:00:41,721 INFO scheduler Scheduled Job Start: frappe.monitor.flush for portal.ksrnr.gov.sa
2021-12-19 14:00:42,001 INFO scheduler Scheduled Job Complete: frappe.monitor.flush for portal.ksrnr.gov.sa
2021-12-19 14:00:42,083 INFO scheduler Scheduled Job Start: frappe.utils.global_search.sync_global_search for portal.ksrnr.gov.sa
2021-12-19 14:00:42,385 INFO scheduler Scheduled Job Complete: frappe.utils.global_search.sync_global_search for portal.ksrnr.gov.sa
2021-12-19 14:00:42,463 INFO scheduler Scheduled Job Start: frappe.integrations.doctype.razorpay_settings.razorpay_settings.capture_payment for portal.ksrnr.gov.sa
2021-12-19 14:00:42,944 INFO scheduler Scheduled Job Complete: frappe.integrations.doctype.razorpay_settings.razorpay_settings.capture_payment for portal.ksrnr.gov.sa
2021-12-19 14:00:43,023 INFO scheduler Scheduled Job Start: frappe.email.doctype.email_account.email_account.notify_unreplied for portal.ksrnr.gov.sa
2021-12-19 14:00:43,379 INFO scheduler Scheduled Job Complete: frappe.email.doctype.email_account.email_account.notify_unreplied for portal.ksrnr.gov.sa
2021-12-19 14:00:43,456 INFO scheduler Scheduled Job Start: frappe.email.doctype.email_account.email_account.pull for portal.ksrnr.gov.sa
2021-12-19 14:00:43,837 INFO scheduler Scheduled Job Complete: frappe.email.doctype.email_account.email_account.pull for portal.ksrnr.gov.sa
2021-12-19 14:00:43,920 INFO scheduler Scheduled Job Start: frappe.email.queue.flush for portal.ksrnr.gov.sa
2021-12-19 14:00:44,236 INFO scheduler Scheduled Job Complete: frappe.email.queue.flush for portal.ksrnr.gov.sa
2021-12-19 14:00:44,327 INFO scheduler Scheduled Job Start: frappe.twofactor.delete_all_barcodes_for_users for portal.ksrnr.gov.sa
2021-12-19 14:00:45,553 INFO scheduler Scheduled Job Complete: frappe.twofactor.delete_all_barcodes_for_users for portal.ksrnr.gov.sa
2021-12-19 14:00:45,639 INFO scheduler Scheduled Job Start: frappe.website.doctype.web_page.web_page.check_publish_status for portal.ksrnr.gov.sa
2021-12-19 14:00:46,065 INFO scheduler Scheduled Job Complete: frappe.website.doctype.web_page.web_page.check_publish_status for portal.ksrnr.gov.sa
2021-12-19 14:00:46,154 INFO scheduler Scheduled Job Start: frappe.oauth.delete_oauth2_data for portal.ksrnr.gov.sa
2021-12-19 14:00:46,557 INFO scheduler Scheduled Job Complete: frappe.oauth.delete_oauth2_data for portal.ksrnr.gov.sa
2021-12-19 14:01:17,140 DEBUG scheduler Queued events for site portal.ksrnr.gov.sa
2021-12-19 14:02:18,122 DEBUG scheduler Queued events for site portal.ksrnr.gov.sa
2021-12-19 14:03:19,085 DEBUG scheduler Queued events for site portal.ksrnr.gov.sa
2021-12-19 14:04:20,256 DEBUG scheduler Queued events for site portal.ksrnr.gov.sa
2021-12-19 14:04:23,844 INFO scheduler Scheduled Job Start: erpnext.crm.doctype.social_media_post.social_media_post.process_scheduled_social_media_posts for portal.ksrnr.gov.sa
2021-12-19 14:04:24,189 INFO scheduler Scheduled Job Complete: erpnext.crm.doctype.social_media_post.social_media_post.process_scheduled_social_media_posts for portal.ksrnr.gov.sa
2021-12-19 14:04:24,275 INFO scheduler Scheduled Job Start: erpnext.healthcare.doctype.patient_appointment.patient_appointment.send_appointment_reminder for portal.ksrnr.gov.sa
2021-12-19 14:04:24,592 INFO scheduler Scheduled Job Complete: erpnext.healthcare.doctype.patient_appointment.patient_appointment.send_appointment_reminder for portal.ksrnr.gov.sa
2021-12-19 14:04:24,671 INFO scheduler Scheduled Job Start: erpnext.projects.doctype.project.project.project_status_update_reminder for portal.ksrnr.gov.sa
2021-12-19 14:04:25,089 INFO scheduler Scheduled Job Complete: erpnext.projects.doctype.project.project.project_status_update_reminder for portal.ksrnr.gov.sa
2021-12-19 14:04:25,168 INFO scheduler Scheduled Job Start: frappe.monitor.flush for portal.ksrnr.gov.sa
2021-12-19 14:04:25,465 INFO scheduler Scheduled Job Complete: frappe.monitor.flush for portal.ksrnr.gov.sa
2021-12-19 14:04:25,549 INFO scheduler Scheduled Job Start: frappe.utils.global_search.sync_global_search for portal.ksrnr.gov.sa
2021-12-19 14:04:25,843 INFO scheduler Scheduled Job Complete: frappe.utils.global_search.sync_global_search for portal.ksrnr.gov.sa
2021-12-19 14:04:25,926 INFO scheduler Scheduled Job Start: frappe.integrations.doctype.razorpay_settings.razorpay_settings.capture_payment for portal.ksrnr.gov.sa
2021-12-19 14:04:26,411 INFO scheduler Scheduled Job Complete: frappe.integrations.doctype.razorpay_settings.razorpay_settings.capture_payment for portal.ksrnr.gov.sa
2021-12-19 14:04:26,499 INFO scheduler Scheduled Job Start: frappe.email.doctype.email_account.email_account.notify_unreplied for portal.ksrnr.gov.sa
2021-12-19 14:04:26,839 INFO scheduler Scheduled Job Complete: frappe.email.doctype.email_account.email_account.notify_unreplied for portal.ksrnr.gov.sa
2021-12-19 14:04:26,921 INFO scheduler Scheduled Job Start: frappe.email.doctype.email_account.email_account.pull for portal.ksrnr.gov.sa
2021-12-19 14:04:27,288 INFO scheduler Scheduled Job Complete: frappe.email.doctype.email_account.email_account.pull for portal.ksrnr.gov.sa
2021-12-19 14:04:27,370 INFO scheduler Scheduled Job Start: frappe.email.queue.flush for portal.ksrnr.gov.sa
2021-12-19 14:04:27,669 INFO scheduler Scheduled Job Complete: frappe.email.queue.flush for portal.ksrnr.gov.sa
2021-12-19 14:05:21,392 DEBUG scheduler Queued events for site portal.ksrnr.gov.sa
2021-12-19 14:06:22,393 DEBUG scheduler Queued events for site portal.ksrnr.gov.sa
2021-12-19 14:07:23,387 DEBUG scheduler Queued events for site portal.ksrnr.gov.sa
2021-12-19 14:08:24,566 DEBUG scheduler Queued events for site portal.ksrnr.gov.sa
2021-12-19 14:08:28,198 INFO scheduler Scheduled Job Start: erpnext.crm.doctype.social_media_post.social_media_post.process_scheduled_social_media_posts for portal.ksrnr.gov.sa
2021-12-19 14:08:28,515 INFO scheduler Scheduled Job Complete: erpnext.crm.doctype.social_media_post.social_media_post.process_scheduled_social_media_posts for portal.ksrnr.gov.sa
2021-12-19 14:08:28,599 INFO scheduler Scheduled Job Start: erpnext.healthcare.doctype.patient_appointment.patient_appointment.send_appointment_reminder for portal.ksrnr.gov.sa
2021-12-19 14:08:28,909 INFO scheduler Scheduled Job Complete: erpnext.healthcare.doctype.patient_appointment.patient_appointment.send_appointment_reminder for portal.ksrnr.gov.sa
2021-12-19 14:08:29,004 INFO scheduler Scheduled Job Start: erpnext.projects.doctype.project.project.project_status_update_reminder for portal.ksrnr.gov.sa
2021-12-19 14:08:29,411 INFO scheduler Scheduled Job Complete: erpnext.projects.doctype.project.project.project_status_update_reminder for portal.ksrnr.gov.sa
2021-12-19 14:08:29,492 INFO scheduler Scheduled Job Start: frappe.monitor.flush for portal.ksrnr.gov.sa
2021-12-19 14:08:29,791 INFO scheduler Scheduled Job Complete: frappe.monitor.flush for portal.ksrnr.gov.sa
2021-12-19 14:08:29,874 INFO scheduler Scheduled Job Start: frappe.utils.global_search.sync_global_search for portal.ksrnr.gov.sa
2021-12-19 14:08:30,159 INFO scheduler Scheduled Job Complete: frappe.utils.global_search.sync_global_search for portal.ksrnr.gov.sa
2021-12-19 14:08:30,244 INFO scheduler Scheduled Job Start: frappe.integrations.doctype.razorpay_settings.razorpay_settings.capture_payment for portal.ksrnr.gov.sa
2021-12-19 14:08:30,765 INFO scheduler Scheduled Job Complete: frappe.integrations.doctype.razorpay_settings.razorpay_settings.capture_payment for portal.ksrnr.gov.sa
2021-12-19 14:08:30,844 INFO scheduler Scheduled Job Start: frappe.email.doctype.email_account.email_account.notify_unreplied for portal.ksrnr.gov.sa
2021-12-19 14:08:31,185 INFO scheduler Scheduled Job Complete: frappe.email.doctype.email_account.email_account.notify_unreplied for portal.ksrnr.gov.sa
2021-12-19 14:08:31,274 INFO scheduler Scheduled Job Start: frappe.email.doctype.email_account.email_account.pull for portal.ksrnr.gov.sa
2021-12-19 14:08:31,655 INFO scheduler Scheduled Job Complete: frappe.email.doctype.email_account.email_account.pull for portal.ksrnr.gov.sa
2021-12-19 14:08:31,733 INFO scheduler Scheduled Job Start: frappe.email.queue.flush for portal.ksrnr.gov.sa
2021-12-19 14:08:32,044 INFO scheduler Scheduled Job Complete: frappe.email.queue.flush for portal.ksrnr.gov.sa
2021-12-19 14:09:25,794 DEBUG scheduler Queued events for site portal.ksrnr.gov.sa
2021-12-19 14:10:26,842 DEBUG scheduler Queued events for site portal.ksrnr.gov.sa
2021-12-19 14:11:27,807 DEBUG scheduler Queued events for site portal.ksrnr.gov.sa
2021-12-19 14:12:28,936 DEBUG scheduler Queued events for site portal.ksrnr.gov.sa
2021-12-19 14:12:32,653 INFO scheduler Scheduled Job Start: erpnext.crm.doctype.social_media_post.social_media_post.process_scheduled_social_media_posts for portal.ksrnr.gov.sa
2021-12-19 14:12:33,011 INFO scheduler Scheduled Job Complete: erpnext.crm.doctype.social_media_post.social_media_post.process_scheduled_social_media_posts for portal.ksrnr.gov.sa
2021-12-19 14:12:33,095 INFO scheduler Scheduled Job Start: erpnext.healthcare.doctype.patient_appointment.patient_appointment.send_appointment_reminder for portal.ksrnr.gov.sa
2021-12-19 14:12:33,385 INFO scheduler Scheduled Job Complete: erpnext.healthcare.doctype.patient_appointment.patient_appointment.send_appointment_reminder for portal.ksrnr.gov.sa
2021-12-19 14:12:33,475 INFO scheduler Scheduled Job Start: erpnext.projects.doctype.project.project.project_status_update_reminder for portal.ksrnr.gov.sa
2021-12-19 14:12:33,919 INFO scheduler Scheduled Job Complete: erpnext.projects.doctype.project.project.project_status_update_reminder for portal.ksrnr.gov.sa
2021-12-19 14:12:34,010 INFO scheduler Scheduled Job Start: frappe.monitor.flush for portal.ksrnr.gov.sa
2021-12-19 14:12:34,308 INFO scheduler Scheduled Job Complete: frappe.monitor.flush for portal.ksrnr.gov.sa
2021-12-19 14:12:34,392 INFO scheduler Scheduled Job Start: frappe.utils.global_search.sync_global_search for portal.ksrnr.gov.sa
2021-12-19 14:12:34,695 INFO scheduler Scheduled Job Complete: frappe.utils.global_search.sync_global_search for portal.ksrnr.gov.sa
2021-12-19 14:12:34,778 INFO scheduler Scheduled Job Start: frappe.integrations.doctype.razorpay_settings.razorpay_settings.capture_payment for portal.ksrnr.gov.sa
2021-12-19 14:12:35,261 INFO scheduler Scheduled Job Complete: frappe.integrations.doctype.razorpay_settings.razorpay_settings.capture_payment for portal.ksrnr.gov.sa
2021-12-19 14:12:35,344 INFO scheduler Scheduled Job Start: frappe.email.doctype.email_account.email_account.notify_unreplied for portal.ksrnr.gov.sa
2021-12-19 14:12:35,729 INFO scheduler Scheduled Job Complete: frappe.email.doctype.email_account.email_account.notify_unreplied for portal.ksrnr.gov.sa
2021-12-19 14:12:35,823 INFO scheduler Scheduled Job Start: frappe.email.doctype.email_account.email_account.pull for portal.ksrnr.gov.sa
2021-12-19 14:12:36,219 INFO scheduler Scheduled Job Complete: frappe.email.doctype.email_account.email_account.pull for portal.ksrnr.gov.sa
2021-12-19 14:12:36,308 INFO scheduler Scheduled Job Start: frappe.email.queue.flush for portal.ksrnr.gov.sa
2021-12-19 14:12:36,610 INFO scheduler Scheduled Job Complete: frappe.email.queue.flush for portal.ksrnr.gov.sa
2021-12-19 14:13:30,143 DEBUG scheduler Queued events for site portal.ksrnr.gov.sa
2021-12-19 14:14:31,159 DEBUG scheduler Queued events for site portal.ksrnr.gov.sa
2021-12-19 14:15:32,191 DEBUG scheduler Queued events for site portal.ksrnr.gov.sa
2021-12-19 14:15:33,492 INFO scheduler Scheduled Job Start: frappe.twofactor.delete_all_barcodes_for_users for portal.ksrnr.gov.sa
2021-12-19 14:15:34,732 INFO scheduler Scheduled Job Complete: frappe.twofactor.delete_all_barcodes_for_users for portal.ksrnr.gov.sa
2021-12-19 14:15:34,817 INFO scheduler Scheduled Job Start: frappe.website.doctype.web_page.web_page.check_publish_status for portal.ksrnr.gov.sa
2021-12-19 14:15:35,225 INFO scheduler Scheduled Job Complete: frappe.website.doctype.web_page.web_page.check_publish_status for portal.ksrnr.gov.sa
2021-12-19 14:15:35,311 INFO scheduler Scheduled Job Start: frappe.oauth.delete_oauth2_data for portal.ksrnr.gov.sa
2021-12-19 14:15:35,724 INFO scheduler Scheduled Job Complete: frappe.oauth.delete_oauth2_data for portal.ksrnr.gov.sa
2021-12-19 14:16:33,368 DEBUG scheduler Queued events for site portal.ksrnr.gov.sa
2021-12-19 14:16:37,039 INFO scheduler Scheduled Job Start: erpnext.crm.doctype.social_media_post.social_media_post.process_scheduled_social_media_posts for portal.ksrnr.gov.sa
2021-12-19 14:16:37,358 INFO scheduler Scheduled Job Complete: erpnext.crm.doctype.social_media_post.social_media_post.process_scheduled_social_media_posts for portal.ksrnr.gov.sa
2021-12-19 14:16:37,439 INFO scheduler Scheduled Job Start: erpnext.healthcare.doctype.patient_appointment.patient_appointment.send_appointment_reminder for portal.ksrnr.gov.sa
2021-12-19 14:16:37,753 INFO scheduler Scheduled Job Complete: erpnext.healthcare.doctype.patient_appointment.patient_appointment.send_appointment_reminder for portal.ksrnr.gov.sa
2021-12-19 14:16:37,835 INFO scheduler Scheduled Job Start: erpnext.projects.doctype.project.project.project_status_update_reminder for portal.ksrnr.gov.sa
2021-12-19 14:16:38,253 INFO scheduler Scheduled Job Complete: erpnext.projects.doctype.project.project.project_status_update_reminder for portal.ksrnr.gov.sa
2021-12-19 14:16:38,334 INFO scheduler Scheduled Job Start: frappe.monitor.flush for portal.ksrnr.gov.sa
2021-12-19 14:16:38,633 INFO scheduler Scheduled Job Complete: frappe.monitor.flush for portal.ksrnr.gov.sa
2021-12-19 14:16:38,708 INFO scheduler Scheduled Job Start: frappe.utils.global_search.sync_global_search for portal.ksrnr.gov.sa
2021-12-19 14:16:38,993 INFO scheduler Scheduled Job Complete: frappe.utils.global_search.sync_global_search for portal.ksrnr.gov.sa
2021-12-19 14:16:39,074 INFO scheduler Scheduled Job Start: frappe.integrations.doctype.razorpay_settings.razorpay_settings.capture_payment for portal.ksrnr.gov.sa
2021-12-19 14:16:39,575 INFO scheduler Scheduled Job Complete: frappe.integrations.doctype.razorpay_settings.razorpay_settings.capture_payment for portal.ksrnr.gov.sa
2021-12-19 14:16:39,654 INFO scheduler Scheduled Job Start: frappe.email.doctype.email_account.email_account.notify_unreplied for portal.ksrnr.gov.sa
2021-12-19 14:16:39,992 INFO scheduler Scheduled Job Complete: frappe.email.doctype.email_account.email_account.notify_unreplied for portal.ksrnr.gov.sa
2021-12-19 14:16:40,075 INFO scheduler Scheduled Job Start: frappe.email.doctype.email_account.email_account.pull for portal.ksrnr.gov.sa
2021-12-19 14:16:40,468 INFO scheduler Scheduled Job Complete: frappe.email.doctype.email_account.email_account.pull for portal.ksrnr.gov.sa
2021-12-19 14:16:40,550 INFO scheduler Scheduled Job Start: frappe.email.queue.flush for portal.ksrnr.gov.sa
2021-12-19 14:16:40,866 INFO scheduler Scheduled Job Complete: frappe.email.queue.flush for portal.ksrnr.gov.sa
2021-12-19 14:17:34,545 DEBUG scheduler Queued events for site portal.ksrnr.gov.sa
2021-12-19 14:18:35,546 DEBUG scheduler Queued events for site portal.ksrnr.gov.sa
2021-12-19 14:19:36,552 DEBUG scheduler Queued events for site portal.ksrnr.gov.sa
2021-12-19 14:20:37,724 DEBUG scheduler Queued events for site portal.ksrnr.gov.sa
2021-12-19 14:20:41,368 INFO scheduler Scheduled Job Start: erpnext.crm.doctype.social_media_post.social_media_post.process_scheduled_social_media_posts for portal.ksrnr.gov.sa
2021-12-19 14:20:41,718 INFO scheduler Scheduled Job Complete: erpnext.crm.doctype.social_media_post.social_media_post.process_scheduled_social_media_posts for portal.ksrnr.gov.sa
2021-12-19 14:20:41,798 INFO scheduler Scheduled Job Start: erpnext.healthcare.doctype.patient_appointment.patient_appointment.send_appointment_reminder for portal.ksrnr.gov.sa
2021-12-19 14:20:42,112 INFO scheduler Scheduled Job Complete: erpnext.healthcare.doctype.patient_appointment.patient_appointment.send_appointment_reminder for portal.ksrnr.gov.sa
2021-12-19 14:20:42,190 INFO scheduler Scheduled Job Start: erpnext.projects.doctype.project.project.project_status_update_reminder for portal.ksrnr.gov.sa
2021-12-19 14:20:42,601 INFO scheduler Scheduled Job Complete: erpnext.projects.doctype.project.project.project_status_update_reminder for portal.ksrnr.gov.sa
2021-12-19 14:20:42,685 INFO scheduler Scheduled Job Start: frappe.monitor.flush for portal.ksrnr.gov.sa
2021-12-19 14:20:42,972 INFO scheduler Scheduled Job Complete: frappe.monitor.flush for portal.ksrnr.gov.sa
2021-12-19 14:20:43,052 INFO scheduler Scheduled Job Start: frappe.utils.global_search.sync_global_search for portal.ksrnr.gov.sa
2021-12-19 14:20:43,346 INFO scheduler Scheduled Job Complete: frappe.utils.global_search.sync_global_search for portal.ksrnr.gov.sa
2021-12-19 14:20:43,425 INFO scheduler Scheduled Job Start: frappe.integrations.doctype.razorpay_settings.razorpay_settings.capture_payment for portal.ksrnr.gov.sa
2021-12-19 14:20:43,906 INFO scheduler Scheduled Job Complete: frappe.integrations.doctype.razorpay_settings.razorpay_settings.capture_payment for portal.ksrnr.gov.sa
2021-12-19 14:20:43,990 INFO scheduler Scheduled Job Start: frappe.email.doctype.email_account.email_account.notify_unreplied for portal.ksrnr.gov.sa
2021-12-19 14:20:44,360 INFO scheduler Scheduled Job Complete: frappe.email.doctype.email_account.email_account.notify_unreplied for portal.ksrnr.gov.sa
2021-12-19 14:20:44,441 INFO scheduler Scheduled Job Start: frappe.email.doctype.email_account.email_account.pull for portal.ksrnr.gov.sa
2021-12-19 14:20:44,822 INFO scheduler Scheduled Job Complete: frappe.email.doctype.email_account.email_account.pull for portal.ksrnr.gov.sa
2021-12-19 14:20:44,906 INFO scheduler Scheduled Job Start: frappe.email.queue.flush for portal.ksrnr.gov.sa
2021-12-19 14:20:45,209 INFO scheduler Scheduled Job Complete: frappe.email.queue.flush for portal.ksrnr.gov.sa
2021-12-19 14:21:38,920 DEBUG scheduler Queued events for site portal.ksrnr.gov.sa
2021-12-19 14:22:40,033 DEBUG scheduler Queued events for site portal.ksrnr.gov.sa
2021-12-19 14:23:41,038 DEBUG scheduler Queued events for site portal.ksrnr.gov.sa
2021-12-19 14:24:42,161 DEBUG scheduler Queued events for site portal.ksrnr.gov.sa
2021-12-19 14:24:45,962 INFO scheduler Scheduled Job Start: erpnext.crm.doctype.social_media_post.social_media_post.process_scheduled_social_media_posts for portal.ksrnr.gov.sa
2021-12-19 14:24:46,302 INFO scheduler Scheduled Job Complete: erpnext.crm.doctype.social_media_post.social_media_post.process_scheduled_social_media_posts for portal.ksrnr.gov.sa
2021-12-19 14:24:46,385 INFO scheduler Scheduled Job Start: erpnext.healthcare.doctype.patient_appointment.patient_appointment.send_appointment_reminder for portal.ksrnr.gov.sa
2021-12-19 14:24:46,710 INFO scheduler Scheduled Job Complete: erpnext.healthcare.doctype.patient_appointment.patient_appointment.send_appointment_reminder for portal.ksrnr.gov.sa
2021-12-19 14:24:46,794 INFO scheduler Scheduled Job Start: erpnext.projects.doctype.project.project.project_status_update_reminder for portal.ksrnr.gov.sa
2021-12-19 14:24:47,239 INFO scheduler Scheduled Job Complete: erpnext.projects.doctype.project.project.project_status_update_reminder for portal.ksrnr.gov.sa
2021-12-19 14:24:47,324 INFO scheduler Scheduled Job Start: frappe.monitor.flush for portal.ksrnr.gov.sa
2021-12-19 14:24:47,624 INFO scheduler Scheduled Job Complete: frappe.monitor.flush for portal.ksrnr.gov.sa
2021-12-19 14:24:47,704 INFO scheduler Scheduled Job Start: frappe.utils.global_search.sync_global_search for portal.ksrnr.gov.sa
2021-12-19 14:24:48,001 INFO scheduler Scheduled Job Complete: frappe.utils.global_search.sync_global_search for portal.ksrnr.gov.sa
2021-12-19 14:24:48,084 INFO scheduler Scheduled Job Start: frappe.integrations.doctype.razorpay_settings.razorpay_settings.capture_payment for portal.ksrnr.gov.sa
2021-12-19 14:24:48,553 INFO scheduler Scheduled Job Complete: frappe.integrations.doctype.razorpay_settings.razorpay_settings.capture_payment for portal.ksrnr.gov.sa
2021-12-19 14:24:48,637 INFO scheduler Scheduled Job Start: frappe.email.doctype.email_account.email_account.notify_unreplied for portal.ksrnr.gov.sa
2021-12-19 14:24:48,983 INFO scheduler Scheduled Job Complete: frappe.email.doctype.email_account.email_account.notify_unreplied for portal.ksrnr.gov.sa
2021-12-19 14:24:49,070 INFO scheduler Scheduled Job Start: frappe.email.doctype.email_account.email_account.pull for portal.ksrnr.gov.sa
2021-12-19 14:24:49,423 INFO scheduler Scheduled Job Complete: frappe.email.doctype.email_account.email_account.pull for portal.ksrnr.gov.sa
2021-12-19 14:24:49,500 INFO scheduler Scheduled Job Start: frappe.email.queue.flush for portal.ksrnr.gov.sa
2021-12-19 14:24:49,809 INFO scheduler Scheduled Job Complete: frappe.email.queue.flush for portal.ksrnr.gov.sa
2021-12-19 14:25:43,294 DEBUG scheduler Queued events for site portal.ksrnr.gov.sa
2021-12-19 14:26:44,250 DEBUG scheduler Queued events for site portal.ksrnr.gov.sa
2021-12-19 14:27:45,242 DEBUG scheduler Queued events for site portal.ksrnr.gov.sa
2021-12-19 14:28:46,542 DEBUG scheduler Queued events for site portal.ksrnr.gov.sa
2021-12-19 14:28:50,758 INFO scheduler Scheduled Job Start: erpnext.crm.doctype.social_media_post.social_media_post.process_scheduled_social_media_posts for portal.ksrnr.gov.sa
2021-12-19 14:28:51,097 INFO scheduler Scheduled Job Complete: erpnext.crm.doctype.social_media_post.social_media_post.process_scheduled_social_media_posts for portal.ksrnr.gov.sa
2021-12-19 14:28:51,184 INFO scheduler Scheduled Job Start: erpnext.healthcare.doctype.patient_appointment.patient_appointment.send_appointment_reminder for portal.ksrnr.gov.sa
2021-12-19 14:28:51,491 INFO scheduler Scheduled Job Complete: erpnext.healthcare.doctype.patient_appointment.patient_appointment.send_appointment_reminder for portal.ksrnr.gov.sa
2021-12-19 14:28:51,572 INFO scheduler Scheduled Job Start: erpnext.projects.doctype.project.project.project_status_update_reminder for portal.ksrnr.gov.sa
2021-12-19 14:28:52,010 INFO scheduler Scheduled Job Complete: erpnext.projects.doctype.project.project.project_status_update_reminder for portal.ksrnr.gov.sa
2021-12-19 14:28:52,098 INFO scheduler Scheduled Job Start: frappe.monitor.flush for portal.ksrnr.gov.sa
2021-12-19 14:28:52,392 INFO scheduler Scheduled Job Complete: frappe.monitor.flush for portal.ksrnr.gov.sa
2021-12-19 14:28:52,479 INFO scheduler Scheduled Job Start: frappe.utils.global_search.sync_global_search for portal.ksrnr.gov.sa
2021-12-19 14:28:52,760 INFO scheduler Scheduled Job Complete: frappe.utils.global_search.sync_global_search for portal.ksrnr.gov.sa
2021-12-19 14:28:52,844 INFO scheduler Scheduled Job Start: frappe.integrations.doctype.razorpay_settings.razorpay_settings.capture_payment for portal.ksrnr.gov.sa
2021-12-19 14:28:53,337 INFO scheduler Scheduled Job Complete: frappe.integrations.doctype.razorpay_settings.razorpay_settings.capture_payment for portal.ksrnr.gov.sa
2021-12-19 14:28:53,418 INFO scheduler Scheduled Job Start: frappe.email.doctype.email_account.email_account.notify_unreplied for portal.ksrnr.gov.sa
2021-12-19 14:28:53,775 INFO scheduler Scheduled Job Complete: frappe.email.doctype.email_account.email_account.notify_unreplied for portal.ksrnr.gov.sa
2021-12-19 14:28:53,857 INFO scheduler Scheduled Job Start: frappe.email.doctype.email_account.email_account.pull for portal.ksrnr.gov.sa
2021-12-19 14:28:54,234 INFO scheduler Scheduled Job Complete: frappe.email.doctype.email_account.email_account.pull for portal.ksrnr.gov.sa
2021-12-19 14:28:54,326 INFO scheduler Scheduled Job Start: frappe.email.queue.flush for portal.ksrnr.gov.sa
2021-12-19 14:28:54,628 INFO scheduler Scheduled Job Complete: frappe.email.queue.flush for portal.ksrnr.gov.sa
2021-12-19 14:29:47,820 DEBUG scheduler Queued events for site portal.ksrnr.gov.sa
2021-12-19 14:30:48,899 DEBUG scheduler Queued events for site portal.ksrnr.gov.sa
2021-12-19 14:30:50,701 INFO scheduler Scheduled Job Start: erpnext.utilities.doctype.video.video.update_youtube_data for portal.ksrnr.gov.sa
2021-12-19 14:30:51,140 INFO scheduler Scheduled Job Complete: erpnext.utilities.doctype.video.video.update_youtube_data for portal.ksrnr.gov.sa
2021-12-19 14:30:51,227 INFO scheduler Scheduled Job Start: frappe.twofactor.delete_all_barcodes_for_users for portal.ksrnr.gov.sa
2021-12-19 14:30:52,460 INFO scheduler Scheduled Job Complete: frappe.twofactor.delete_all_barcodes_for_users for portal.ksrnr.gov.sa
2021-12-19 14:30:52,546 INFO scheduler Scheduled Job Start: frappe.website.doctype.web_page.web_page.check_publish_status for portal.ksrnr.gov.sa
2021-12-19 14:30:52,976 INFO scheduler Scheduled Job Complete: frappe.website.doctype.web_page.web_page.check_publish_status for portal.ksrnr.gov.sa
2021-12-19 14:30:53,061 INFO scheduler Scheduled Job Start: frappe.oauth.delete_oauth2_data for portal.ksrnr.gov.sa
2021-12-19 14:30:53,440 INFO scheduler Scheduled Job Complete: frappe.oauth.delete_oauth2_data for portal.ksrnr.gov.sa
2021-12-19 14:31:50,011 DEBUG scheduler Queued events for site portal.ksrnr.gov.sa
2021-12-19 14:32:51,140 DEBUG scheduler Queued events for site portal.ksrnr.gov.sa
2021-12-19 14:32:54,726 INFO scheduler Scheduled Job Start: erpnext.crm.doctype.social_media_post.social_media_post.process_scheduled_social_media_posts for portal.ksrnr.gov.sa
2021-12-19 14:32:55,090 INFO scheduler Scheduled Job Complete: erpnext.crm.doctype.social_media_post.social_media_post.process_scheduled_social_media_posts for portal.ksrnr.gov.sa
2021-12-19 14:32:55,169 INFO scheduler Scheduled Job Start: erpnext.healthcare.doctype.patient_appointment.patient_appointment.send_appointment_reminder for portal.ksrnr.gov.sa
2021-12-19 14:32:55,489 INFO scheduler Scheduled Job Complete: erpnext.healthcare.doctype.patient_appointment.patient_appointment.send_appointment_reminder for portal.ksrnr.gov.sa
2021-12-19 14:32:55,572 INFO scheduler Scheduled Job Start: erpnext.projects.doctype.project.project.project_status_update_reminder for portal.ksrnr.gov.sa
2021-12-19 14:32:56,012 INFO scheduler Scheduled Job Complete: erpnext.projects.doctype.project.project.project_status_update_reminder for portal.ksrnr.gov.sa
2021-12-19 14:32:56,097 INFO scheduler Scheduled Job Start: frappe.monitor.flush for portal.ksrnr.gov.sa
2021-12-19 14:32:56,418 INFO scheduler Scheduled Job Complete: frappe.monitor.flush for portal.ksrnr.gov.sa
2021-12-19 14:32:56,518 INFO scheduler Scheduled Job Start: frappe.utils.global_search.sync_global_search for portal.ksrnr.gov.sa
2021-12-19 14:32:56,824 INFO scheduler Scheduled Job Complete: frappe.utils.global_search.sync_global_search for portal.ksrnr.gov.sa
2021-12-19 14:32:56,907 INFO scheduler Scheduled Job Start: frappe.integrations.doctype.razorpay_settings.razorpay_settings.capture_payment for portal.ksrnr.gov.sa
2021-12-19 14:32:57,441 INFO scheduler Scheduled Job Complete: frappe.integrations.doctype.razorpay_settings.razorpay_settings.capture_payment for portal.ksrnr.gov.sa
2021-12-19 14:32:57,529 INFO scheduler Scheduled Job Start: frappe.email.doctype.email_account.email_account.notify_unreplied for portal.ksrnr.gov.sa
2021-12-19 14:32:57,920 INFO scheduler Scheduled Job Complete: frappe.email.doctype.email_account.email_account.notify_unreplied for portal.ksrnr.gov.sa
2021-12-19 14:32:58,010 INFO scheduler Scheduled Job Start: frappe.email.doctype.email_account.email_account.pull for portal.ksrnr.gov.sa
2021-12-19 14:32:58,397 INFO scheduler Scheduled Job Complete: frappe.email.doctype.email_account.email_account.pull for portal.ksrnr.gov.sa
2021-12-19 14:32:58,490 INFO scheduler Scheduled Job Start: frappe.email.queue.flush for portal.ksrnr.gov.sa
2021-12-19 14:32:58,812 INFO scheduler Scheduled Job Complete: frappe.email.queue.flush for portal.ksrnr.gov.sa
2021-12-19 14:33:52,332 DEBUG scheduler Queued events for site portal.ksrnr.gov.sa
2021-12-19 14:34:53,289 DEBUG scheduler Queued events for site portal.ksrnr.gov.sa
2021-12-19 14:35:54,283 DEBUG scheduler Queued events for site portal.ksrnr.gov.sa
2021-12-19 14:36:55,403 DEBUG scheduler Queued events for site portal.ksrnr.gov.sa
2021-12-19 14:36:59,402 INFO scheduler Scheduled Job Start: erpnext.crm.doctype.social_media_post.social_media_post.process_scheduled_social_media_posts for portal.ksrnr.gov.sa
2021-12-19 14:36:59,749 INFO scheduler Scheduled Job Complete: erpnext.crm.doctype.social_media_post.social_media_post.process_scheduled_social_media_posts for portal.ksrnr.gov.sa
2021-12-19 14:36:59,844 INFO scheduler Scheduled Job Start: erpnext.healthcare.doctype.patient_appointment.patient_appointment.send_appointment_reminder for portal.ksrnr.gov.sa
2021-12-19 14:37:00,175 INFO scheduler Scheduled Job Complete: erpnext.healthcare.doctype.patient_appointment.patient_appointment.send_appointment_reminder for portal.ksrnr.gov.sa
2021-12-19 14:37:00,262 INFO scheduler Scheduled Job Start: erpnext.projects.doctype.project.project.project_status_update_reminder for portal.ksrnr.gov.sa
2021-12-19 14:37:00,729 INFO scheduler Scheduled Job Complete: erpnext.projects.doctype.project.project.project_status_update_reminder for portal.ksrnr.gov.sa
2021-12-19 14:37:00,821 INFO scheduler Scheduled Job Start: frappe.monitor.flush for portal.ksrnr.gov.sa
2021-12-19 14:37:01,123 INFO scheduler Scheduled Job Complete: frappe.monitor.flush for portal.ksrnr.gov.sa
2021-12-19 14:37:01,210 INFO scheduler Scheduled Job Start: frappe.utils.global_search.sync_global_search for portal.ksrnr.gov.sa
2021-12-19 14:37:01,529 INFO scheduler Scheduled Job Complete: frappe.utils.global_search.sync_global_search for portal.ksrnr.gov.sa
2021-12-19 14:37:01,620 INFO scheduler Scheduled Job Start: frappe.integrations.doctype.razorpay_settings.razorpay_settings.capture_payment for portal.ksrnr.gov.sa
2021-12-19 14:37:02,162 INFO scheduler Scheduled Job Complete: frappe.integrations.doctype.razorpay_settings.razorpay_settings.capture_payment for portal.ksrnr.gov.sa
2021-12-19 14:37:02,245 INFO scheduler Scheduled Job Start: frappe.email.doctype.email_account.email_account.notify_unreplied for portal.ksrnr.gov.sa
2021-12-19 14:37:02,626 INFO scheduler Scheduled Job Complete: frappe.email.doctype.email_account.email_account.notify_unreplied for portal.ksrnr.gov.sa
2021-12-19 14:37:02,732 INFO scheduler Scheduled Job Start: frappe.email.doctype.email_account.email_account.pull for portal.ksrnr.gov.sa
2021-12-19 14:37:03,165 INFO scheduler Scheduled Job Complete: frappe.email.doctype.email_account.email_account.pull for portal.ksrnr.gov.sa
2021-12-19 14:37:03,246 INFO scheduler Scheduled Job Start: frappe.email.queue.flush for portal.ksrnr.gov.sa
2021-12-19 14:37:03,547 INFO scheduler Scheduled Job Complete: frappe.email.queue.flush for portal.ksrnr.gov.sa
2021-12-19 14:37:56,572 DEBUG scheduler Queued events for site portal.ksrnr.gov.sa
2021-12-19 14:38:57,529 DEBUG scheduler Queued events for site portal.ksrnr.gov.sa
2021-12-19 14:39:58,503 DEBUG scheduler Queued events for site portal.ksrnr.gov.sa
2021-12-19 14:40:59,722 DEBUG scheduler Queued events for site portal.ksrnr.gov.sa
2021-12-19 14:41:03,871 INFO scheduler Scheduled Job Start: erpnext.crm.doctype.social_media_post.social_media_post.process_scheduled_social_media_posts for portal.ksrnr.gov.sa
2021-12-19 14:41:04,293 INFO scheduler Scheduled Job Complete: erpnext.crm.doctype.social_media_post.social_media_post.process_scheduled_social_media_posts for portal.ksrnr.gov.sa
2021-12-19 14:41:04,379 INFO scheduler Scheduled Job Start: erpnext.healthcare.doctype.patient_appointment.patient_appointment.send_appointment_reminder for portal.ksrnr.gov.sa
2021-12-19 14:41:04,707 INFO scheduler Scheduled Job Complete: erpnext.healthcare.doctype.patient_appointment.patient_appointment.send_appointment_reminder for portal.ksrnr.gov.sa
2021-12-19 14:41:04,802 INFO scheduler Scheduled Job Start: erpnext.projects.doctype.project.project.project_status_update_reminder for portal.ksrnr.gov.sa
2021-12-19 14:41:05,265 INFO scheduler Scheduled Job Complete: erpnext.projects.doctype.project.project.project_status_update_reminder for portal.ksrnr.gov.sa
2021-12-19 14:41:05,345 INFO scheduler Scheduled Job Start: frappe.monitor.flush for portal.ksrnr.gov.sa
2021-12-19 14:41:05,643 INFO scheduler Scheduled Job Complete: frappe.monitor.flush for portal.ksrnr.gov.sa
2021-12-19 14:41:05,727 INFO scheduler Scheduled Job Start: frappe.utils.global_search.sync_global_search for portal.ksrnr.gov.sa
2021-12-19 14:41:06,037 INFO scheduler Scheduled Job Complete: frappe.utils.global_search.sync_global_search for portal.ksrnr.gov.sa
2021-12-19 14:41:06,117 INFO scheduler Scheduled Job Start: frappe.integrations.doctype.razorpay_settings.razorpay_settings.capture_payment for portal.ksrnr.gov.sa
2021-12-19 14:41:06,616 INFO scheduler Scheduled Job Complete: frappe.integrations.doctype.razorpay_settings.razorpay_settings.capture_payment for portal.ksrnr.gov.sa
2021-12-19 14:41:06,700 INFO scheduler Scheduled Job Start: frappe.email.doctype.email_account.email_account.notify_unreplied for portal.ksrnr.gov.sa
2021-12-19 14:41:07,085 INFO scheduler Scheduled Job Complete: frappe.email.doctype.email_account.email_account.notify_unreplied for portal.ksrnr.gov.sa
2021-12-19 14:41:07,167 INFO scheduler Scheduled Job Start: frappe.email.doctype.email_account.email_account.pull for portal.ksrnr.gov.sa
2021-12-19 14:41:07,559 INFO scheduler Scheduled Job Complete: frappe.email.doctype.email_account.email_account.pull for portal.ksrnr.gov.sa
2021-12-19 14:41:07,644 INFO scheduler Scheduled Job Start: frappe.email.queue.flush for portal.ksrnr.gov.sa
2021-12-19 14:41:07,946 INFO scheduler Scheduled Job Complete: frappe.email.queue.flush for portal.ksrnr.gov.sa
2021-12-19 14:42:01,030 DEBUG scheduler Queued events for site portal.ksrnr.gov.sa
